\BOOKMARK [0][-]{chapter.1}{\376\377\0001\000\040\000B\000u\000g\000\040\000L\000i\000s\000t}{}% 1
\BOOKMARK [0][-]{chapter.2}{\376\377\0002\000\040\000T\000o\000d\000o\000\040\000L\000i\000s\000t}{}% 2
\BOOKMARK [0][-]{chapter.3}{\376\377\0003\000\040\000N\000a\000m\000e\000s\000p\000a\000c\000e\000\040\000I\000n\000d\000e\000x}{}% 3
\BOOKMARK [1][-]{section.3.1}{\376\377\0003\000.\0001\000\040\000N\000a\000m\000e\000s\000p\000a\000c\000e\000\040\000L\000i\000s\000t}{chapter.3}% 4
\BOOKMARK [0][-]{chapter.4}{\376\377\0004\000\040\000C\000l\000a\000s\000s\000\040\000I\000n\000d\000e\000x}{}% 5
\BOOKMARK [1][-]{section.4.1}{\376\377\0004\000.\0001\000\040\000C\000l\000a\000s\000s\000\040\000L\000i\000s\000t}{chapter.4}% 6
\BOOKMARK [0][-]{chapter.5}{\376\377\0005\000\040\000F\000i\000l\000e\000\040\000I\000n\000d\000e\000x}{}% 7
\BOOKMARK [1][-]{section.5.1}{\376\377\0005\000.\0001\000\040\000F\000i\000l\000e\000\040\000L\000i\000s\000t}{chapter.5}% 8
\BOOKMARK [0][-]{chapter.6}{\376\377\0006\000\040\000N\000a\000m\000e\000s\000p\000a\000c\000e\000\040\000D\000o\000c\000u\000m\000e\000n\000t\000a\000t\000i\000o\000n}{}% 9
\BOOKMARK [1][-]{section.6.1}{\376\377\0006\000.\0001\000\040\000b\000a\000t\000c\000h\000\040\000N\000a\000m\000e\000s\000p\000a\000c\000e\000\040\000R\000e\000f\000e\000r\000e\000n\000c\000e}{chapter.6}% 10
\BOOKMARK [1][-]{section.6.2}{\376\377\0006\000.\0002\000\040\000c\000l\000I\000n\000t\000e\000r\000f\000a\000c\000e\000\040\000N\000a\000m\000e\000s\000p\000a\000c\000e\000\040\000R\000e\000f\000e\000r\000e\000n\000c\000e}{chapter.6}% 11
\BOOKMARK [1][-]{section.6.3}{\376\377\0006\000.\0003\000\040\000j\000s\000o\000n\000\040\000N\000a\000m\000e\000s\000p\000a\000c\000e\000\040\000R\000e\000f\000e\000r\000e\000n\000c\000e}{chapter.6}% 12
\BOOKMARK [2][-]{subsection.6.3.1}{\376\377\0006\000.\0003\000.\0001\000\040\000D\000e\000t\000a\000i\000l\000e\000d\000\040\000D\000e\000s\000c\000r\000i\000p\000t\000i\000o\000n}{section.6.3}% 13
\BOOKMARK [1][-]{section.6.4}{\376\377\0006\000.\0004\000\040\000u\000t\000i\000l\000s\000\040\000N\000a\000m\000e\000s\000p\000a\000c\000e\000\040\000R\000e\000f\000e\000r\000e\000n\000c\000e}{chapter.6}% 14
\BOOKMARK [2][-]{subsection.6.4.1}{\376\377\0006\000.\0004\000.\0001\000\040\000D\000e\000t\000a\000i\000l\000e\000d\000\040\000D\000e\000s\000c\000r\000i\000p\000t\000i\000o\000n}{section.6.4}% 15
\BOOKMARK [2][-]{subsection.6.4.2}{\376\377\0006\000.\0004\000.\0002\000\040\000V\000a\000r\000i\000a\000b\000l\000e\000\040\000D\000o\000c\000u\000m\000e\000n\000t\000a\000t\000i\000o\000n}{section.6.4}% 16
\BOOKMARK [3][-]{subsubsection.6.4.2.1}{\376\377\0006\000.\0004\000.\0002\000.\0001\000\040\000v\000e\000r\000b\000o\000s\000e}{subsection.6.4.2}% 17
\BOOKMARK [0][-]{chapter.7}{\376\377\0007\000\040\000C\000l\000a\000s\000s\000\040\000D\000o\000c\000u\000m\000e\000n\000t\000a\000t\000i\000o\000n}{}% 18
\BOOKMARK [1][-]{section.7.1}{\376\377\0007\000.\0001\000\040\000b\000a\000t\000c\000h\000:\000:\000B\000a\000t\000c\000h\000C\000r\000e\000a\000t\000o\000r\000\040\000C\000l\000a\000s\000s\000\040\000R\000e\000f\000e\000r\000e\000n\000c\000e}{chapter.7}% 19
\BOOKMARK [2][-]{subsection.7.1.1}{\376\377\0007\000.\0001\000.\0001\000\040\000D\000e\000t\000a\000i\000l\000e\000d\000\040\000D\000e\000s\000c\000r\000i\000p\000t\000i\000o\000n}{section.7.1}% 20
\BOOKMARK [2][-]{subsection.7.1.2}{\376\377\0007\000.\0001\000.\0002\000\040\000C\000o\000n\000s\000t\000r\000u\000c\000t\000o\000r\000\040\000\046\000\040\000D\000e\000s\000t\000r\000u\000c\000t\000o\000r\000\040\000D\000o\000c\000u\000m\000e\000n\000t\000a\000t\000i\000o\000n}{section.7.1}% 21
\BOOKMARK [3][-]{subsubsection.7.1.2.1}{\376\377\0007\000.\0001\000.\0002\000.\0001\000\040\000B\000a\000t\000c\000h\000C\000r\000e\000a\000t\000o\000r\000\050\000\051}{subsection.7.1.2}% 22
\BOOKMARK [2][-]{subsection.7.1.3}{\376\377\0007\000.\0001\000.\0003\000\040\000M\000e\000m\000b\000e\000r\000\040\000F\000u\000n\000c\000t\000i\000o\000n\000\040\000D\000o\000c\000u\000m\000e\000n\000t\000a\000t\000i\000o\000n}{section.7.1}% 23
\BOOKMARK [3][-]{subsubsection.7.1.3.1}{\376\377\0007\000.\0001\000.\0003\000.\0001\000\040\000c\000r\000e\000a\000t\000e\000B\000a\000t\000c\000h\000F\000i\000l\000e\000\050\000\051}{subsection.7.1.3}% 24
\BOOKMARK [3][-]{subsubsection.7.1.3.2}{\376\377\0007\000.\0001\000.\0003\000.\0002\000\040\000w\000r\000i\000t\000e\000A\000p\000p\000l\000i\000c\000a\000t\000i\000o\000n\000\050\000\051}{subsection.7.1.3}% 25
\BOOKMARK [3][-]{subsubsection.7.1.3.3}{\376\377\0007\000.\0001\000.\0003\000.\0003\000\040\000w\000r\000i\000t\000e\000C\000o\000m\000m\000a\000n\000d\000s\000\050\000\051}{subsection.7.1.3}% 26
\BOOKMARK [3][-]{subsubsection.7.1.3.4}{\376\377\0007\000.\0001\000.\0003\000.\0004\000\040\000w\000r\000i\000t\000e\000E\000n\000v\000i\000r\000o\000n\000m\000e\000n\000t\000V\000a\000r\000i\000a\000b\000l\000e\000s\000\050\000\051}{subsection.7.1.3}% 27
\BOOKMARK [3][-]{subsubsection.7.1.3.5}{\376\377\0007\000.\0001\000.\0003\000.\0005\000\040\000w\000r\000i\000t\000e\000H\000i\000d\000e\000S\000h\000e\000l\000l\000E\000n\000d\000\050\000\051}{subsection.7.1.3}% 28
\BOOKMARK [3][-]{subsubsection.7.1.3.6}{\376\377\0007\000.\0001\000.\0003\000.\0006\000\040\000w\000r\000i\000t\000e\000H\000i\000d\000e\000S\000h\000e\000l\000l\000S\000t\000a\000r\000t\000\050\000\051}{subsection.7.1.3}% 29
\BOOKMARK [3][-]{subsubsection.7.1.3.7}{\376\377\0007\000.\0001\000.\0003\000.\0007\000\040\000w\000r\000i\000t\000e\000P\000a\000t\000h\000V\000a\000l\000u\000e\000\050\000\051}{subsection.7.1.3}% 30
\BOOKMARK [3][-]{subsubsection.7.1.3.8}{\376\377\0007\000.\0001\000.\0003\000.\0008\000\040\000w\000r\000i\000t\000e\000S\000h\000e\000l\000l\000\050\000\051}{subsection.7.1.3}% 31
\BOOKMARK [2][-]{subsection.7.1.4}{\376\377\0007\000.\0001\000.\0004\000\040\000M\000e\000m\000b\000e\000r\000\040\000D\000a\000t\000a\000\040\000D\000o\000c\000u\000m\000e\000n\000t\000a\000t\000i\000o\000n}{section.7.1}% 32
\BOOKMARK [3][-]{subsubsection.7.1.4.1}{\376\377\0007\000.\0001\000.\0004\000.\0001\000\040\000b\000a\000t\000c\000h\000F\000i\000l\000e}{subsection.7.1.4}% 33
\BOOKMARK [3][-]{subsubsection.7.1.4.2}{\376\377\0007\000.\0001\000.\0004\000.\0002\000\040\000j\000s\000o\000n\000D\000a\000t\000a}{subsection.7.1.4}% 34
\BOOKMARK [1][-]{section.7.2}{\376\377\0007\000.\0002\000\040\000c\000l\000I\000n\000t\000e\000r\000f\000a\000c\000e\000:\000:\000C\000l\000i\000H\000a\000n\000d\000l\000e\000r\000\040\000C\000l\000a\000s\000s\000\040\000R\000e\000f\000e\000r\000e\000n\000c\000e}{chapter.7}% 35
\BOOKMARK [2][-]{subsection.7.2.1}{\376\377\0007\000.\0002\000.\0001\000\040\000D\000e\000t\000a\000i\000l\000e\000d\000\040\000D\000e\000s\000c\000r\000i\000p\000t\000i\000o\000n}{section.7.2}% 36
\BOOKMARK [1][-]{section.7.3}{\376\377\0007\000.\0003\000\040\000j\000s\000o\000n\000:\000:\000J\000S\000O\000N\000D\000a\000t\000a\000\040\000C\000l\000a\000s\000s\000\040\000R\000e\000f\000e\000r\000e\000n\000c\000e}{chapter.7}% 37
\BOOKMARK [2][-]{subsection.7.3.1}{\376\377\0007\000.\0003\000.\0001\000\040\000D\000e\000t\000a\000i\000l\000e\000d\000\040\000D\000e\000s\000c\000r\000i\000p\000t\000i\000o\000n}{section.7.3}% 38
\BOOKMARK [2][-]{subsection.7.3.2}{\376\377\0007\000.\0003\000.\0002\000\040\000M\000e\000m\000b\000e\000r\000\040\000F\000u\000n\000c\000t\000i\000o\000n\000\040\000D\000o\000c\000u\000m\000e\000n\000t\000a\000t\000i\000o\000n}{section.7.3}% 39
\BOOKMARK [3][-]{subsubsection.7.3.2.1}{\376\377\0007\000.\0003\000.\0002\000.\0001\000\040\000a\000d\000d\000C\000o\000m\000m\000a\000n\000d\000\050\000\051}{subsection.7.3.2}% 40
\BOOKMARK [3][-]{subsubsection.7.3.2.2}{\376\377\0007\000.\0003\000.\0002\000.\0002\000\040\000a\000d\000d\000E\000n\000v\000i\000r\000o\000n\000m\000e\000n\000t\000V\000a\000r\000i\000a\000b\000l\000e\000\050\000\051}{subsection.7.3.2}% 41
\BOOKMARK [3][-]{subsubsection.7.3.2.3}{\376\377\0007\000.\0003\000.\0002\000.\0003\000\040\000a\000d\000d\000P\000a\000t\000h\000V\000a\000l\000u\000e\000\050\000\051}{subsection.7.3.2}% 42
\BOOKMARK [3][-]{subsubsection.7.3.2.4}{\376\377\0007\000.\0003\000.\0002\000.\0004\000\040\000g\000e\000t\000A\000p\000p\000l\000i\000c\000a\000t\000i\000o\000n\000\050\000\051}{subsection.7.3.2}% 43
\BOOKMARK [3][-]{subsubsection.7.3.2.5}{\376\377\0007\000.\0003\000.\0002\000.\0005\000\040\000g\000e\000t\000C\000o\000m\000m\000a\000n\000d\000s\000\050\000\051}{subsection.7.3.2}% 44
\BOOKMARK [3][-]{subsubsection.7.3.2.6}{\376\377\0007\000.\0003\000.\0002\000.\0006\000\040\000g\000e\000t\000E\000n\000v\000i\000r\000o\000n\000m\000e\000n\000t\000V\000a\000r\000i\000a\000b\000l\000e\000s\000\050\000\051}{subsection.7.3.2}% 45
\BOOKMARK [3][-]{subsubsection.7.3.2.7}{\376\377\0007\000.\0003\000.\0002\000.\0007\000\040\000g\000e\000t\000H\000i\000d\000e\000S\000h\000e\000l\000l\000\050\000\051}{subsection.7.3.2}% 46
\BOOKMARK [3][-]{subsubsection.7.3.2.8}{\376\377\0007\000.\0003\000.\0002\000.\0008\000\040\000g\000e\000t\000O\000u\000t\000p\000u\000t\000F\000i\000l\000e\000\050\000\051}{subsection.7.3.2}% 47
\BOOKMARK [3][-]{subsubsection.7.3.2.9}{\376\377\0007\000.\0003\000.\0002\000.\0009\000\040\000g\000e\000t\000P\000a\000t\000h\000V\000a\000l\000u\000e\000s\000\050\000\051}{subsection.7.3.2}% 48
\BOOKMARK [3][-]{subsubsection.7.3.2.10}{\376\377\0007\000.\0003\000.\0002\000.\0001\0000\000\040\000s\000e\000t\000A\000p\000p\000l\000i\000c\000a\000t\000i\000o\000n\000\050\000\051}{subsection.7.3.2}% 49
\BOOKMARK [3][-]{subsubsection.7.3.2.11}{\376\377\0007\000.\0003\000.\0002\000.\0001\0001\000\040\000s\000e\000t\000H\000i\000d\000e\000S\000h\000e\000l\000l\000\050\000\051}{subsection.7.3.2}% 50
\BOOKMARK [3][-]{subsubsection.7.3.2.12}{\376\377\0007\000.\0003\000.\0002\000.\0001\0002\000\040\000s\000e\000t\000O\000u\000t\000p\000u\000t\000F\000i\000l\000e\000\050\000\051}{subsection.7.3.2}% 51
\BOOKMARK [2][-]{subsection.7.3.3}{\376\377\0007\000.\0003\000.\0003\000\040\000M\000e\000m\000b\000e\000r\000\040\000D\000a\000t\000a\000\040\000D\000o\000c\000u\000m\000e\000n\000t\000a\000t\000i\000o\000n}{section.7.3}% 52
\BOOKMARK [3][-]{subsubsection.7.3.3.1}{\376\377\0007\000.\0003\000.\0003\000.\0001\000\040\000a\000p\000p\000l\000i\000c\000a\000t\000i\000o\000n}{subsection.7.3.3}% 53
\BOOKMARK [3][-]{subsubsection.7.3.3.2}{\376\377\0007\000.\0003\000.\0003\000.\0002\000\040\000c\000o\000m\000m\000a\000n\000d\000s}{subsection.7.3.3}% 54
\BOOKMARK [3][-]{subsubsection.7.3.3.3}{\376\377\0007\000.\0003\000.\0003\000.\0003\000\040\000e\000n\000v\000i\000r\000o\000n\000m\000e\000n\000t\000V\000a\000r\000i\000a\000b\000l\000e\000s}{subsection.7.3.3}% 55
\BOOKMARK [3][-]{subsubsection.7.3.3.4}{\376\377\0007\000.\0003\000.\0003\000.\0004\000\040\000h\000i\000d\000e\000S\000h\000e\000l\000l}{subsection.7.3.3}% 56
\BOOKMARK [3][-]{subsubsection.7.3.3.5}{\376\377\0007\000.\0003\000.\0003\000.\0005\000\040\000o\000u\000t\000p\000u\000t\000f\000i\000l\000e}{subsection.7.3.3}% 57
\BOOKMARK [3][-]{subsubsection.7.3.3.6}{\376\377\0007\000.\0003\000.\0003\000.\0006\000\040\000p\000a\000t\000h\000V\000a\000l\000u\000e\000s}{subsection.7.3.3}% 58
\BOOKMARK [3][-]{subsubsection.7.3.3.7}{\376\377\0007\000.\0003\000.\0003\000.\0007\000\040\000s\000u\000f\000f\000i\000x\000L\000e\000n\000g\000t\000h}{subsection.7.3.3}% 59
\BOOKMARK [1][-]{section.7.4}{\376\377\0007\000.\0004\000\040\000j\000s\000o\000n\000:\000:\000J\000S\000O\000N\000H\000a\000n\000d\000l\000e\000r\000\040\000C\000l\000a\000s\000s\000\040\000R\000e\000f\000e\000r\000e\000n\000c\000e}{chapter.7}% 60
\BOOKMARK [2][-]{subsection.7.4.1}{\376\377\0007\000.\0004\000.\0001\000\040\000D\000e\000t\000a\000i\000l\000e\000d\000\040\000D\000e\000s\000c\000r\000i\000p\000t\000i\000o\000n}{section.7.4}% 61
\BOOKMARK [2][-]{subsection.7.4.2}{\376\377\0007\000.\0004\000.\0002\000\040\000C\000o\000n\000s\000t\000r\000u\000c\000t\000o\000r\000\040\000\046\000\040\000D\000e\000s\000t\000r\000u\000c\000t\000o\000r\000\040\000D\000o\000c\000u\000m\000e\000n\000t\000a\000t\000i\000o\000n}{section.7.4}% 62
\BOOKMARK [3][-]{subsubsection.7.4.2.1}{\376\377\0007\000.\0004\000.\0002\000.\0001\000\040\000J\000S\000O\000N\000H\000a\000n\000d\000l\000e\000r\000\050\000\051}{subsection.7.4.2}% 63
\BOOKMARK [2][-]{subsection.7.4.3}{\376\377\0007\000.\0004\000.\0003\000\040\000M\000e\000m\000b\000e\000r\000\040\000F\000u\000n\000c\000t\000i\000o\000n\000\040\000D\000o\000c\000u\000m\000e\000n\000t\000a\000t\000i\000o\000n}{section.7.4}% 64
\BOOKMARK [3][-]{subsubsection.7.4.3.1}{\376\377\0007\000.\0004\000.\0003\000.\0001\000\040\000a\000s\000s\000i\000g\000n\000A\000p\000p\000l\000i\000c\000a\000t\000i\000o\000n\000\050\000\051}{subsection.7.4.3}% 65
\BOOKMARK [3][-]{subsubsection.7.4.3.2}{\376\377\0007\000.\0004\000.\0003\000.\0002\000\040\000a\000s\000s\000i\000g\000n\000C\000o\000m\000m\000a\000n\000d\000\050\000\051}{subsection.7.4.3}% 66
\BOOKMARK [3][-]{subsubsection.7.4.3.3}{\376\377\0007\000.\0004\000.\0003\000.\0003\000\040\000a\000s\000s\000i\000g\000n\000E\000n\000t\000r\000i\000e\000s\000\050\000\051}{subsection.7.4.3}% 67
\BOOKMARK [3][-]{subsubsection.7.4.3.4}{\376\377\0007\000.\0004\000.\0003\000.\0004\000\040\000a\000s\000s\000i\000g\000n\000E\000n\000v\000i\000r\000o\000n\000m\000e\000n\000t\000V\000a\000r\000i\000a\000b\000l\000e\000\050\000\051}{subsection.7.4.3}% 68
\BOOKMARK [3][-]{subsubsection.7.4.3.5}{\376\377\0007\000.\0004\000.\0003\000.\0005\000\040\000a\000s\000s\000i\000g\000n\000H\000i\000d\000e\000S\000h\000e\000l\000l\000\050\000\051}{subsection.7.4.3}% 69
\BOOKMARK [3][-]{subsubsection.7.4.3.6}{\376\377\0007\000.\0004\000.\0003\000.\0006\000\040\000a\000s\000s\000i\000g\000n\000O\000u\000t\000p\000u\000t\000F\000i\000l\000e\000\050\000\051}{subsection.7.4.3}% 70
\BOOKMARK [3][-]{subsubsection.7.4.3.7}{\376\377\0007\000.\0004\000.\0003\000.\0007\000\040\000a\000s\000s\000i\000g\000n\000P\000a\000t\000h\000V\000a\000l\000u\000e\000\050\000\051}{subsection.7.4.3}% 71
\BOOKMARK [3][-]{subsubsection.7.4.3.8}{\376\377\0007\000.\0004\000.\0003\000.\0008\000\040\000c\000r\000e\000a\000t\000e\000J\000S\000O\000N\000D\000a\000t\000a\000\050\000\051}{subsection.7.4.3}% 72
\BOOKMARK [3][-]{subsubsection.7.4.3.9}{\376\377\0007\000.\0004\000.\0003\000.\0009\000\040\000g\000e\000t\000J\000S\000O\000N\000D\000a\000t\000a\000\050\000\051}{subsection.7.4.3}% 73
\BOOKMARK [3][-]{subsubsection.7.4.3.10}{\376\377\0007\000.\0004\000.\0003\000.\0001\0000\000\040\000p\000a\000r\000s\000e\000F\000i\000l\000e\000\050\000\051}{subsection.7.4.3}% 74
\BOOKMARK [2][-]{subsection.7.4.4}{\376\377\0007\000.\0004\000.\0004\000\040\000M\000e\000m\000b\000e\000r\000\040\000D\000a\000t\000a\000\040\000D\000o\000c\000u\000m\000e\000n\000t\000a\000t\000i\000o\000n}{section.7.4}% 75
\BOOKMARK [3][-]{subsubsection.7.4.4.1}{\376\377\0007\000.\0004\000.\0004\000.\0001\000\040\000d\000a\000t\000a}{subsection.7.4.4}% 76
\BOOKMARK [3][-]{subsubsection.7.4.4.2}{\376\377\0007\000.\0004\000.\0004\000.\0002\000\040\000r\000o\000o\000t}{subsection.7.4.4}% 77
\BOOKMARK [1][-]{section.7.5}{\376\377\0007\000.\0005\000\040\000u\000t\000i\000l\000s\000:\000:\000S\000t\000a\000r\000t\000u\000p\000H\000a\000n\000d\000l\000e\000r\000\040\000C\000l\000a\000s\000s\000\040\000R\000e\000f\000e\000r\000e\000n\000c\000e}{chapter.7}% 78
\BOOKMARK [2][-]{subsection.7.5.1}{\376\377\0007\000.\0005\000.\0001\000\040\000D\000e\000t\000a\000i\000l\000e\000d\000\040\000D\000e\000s\000c\000r\000i\000p\000t\000i\000o\000n}{section.7.5}% 79
\BOOKMARK [2][-]{subsection.7.5.2}{\376\377\0007\000.\0005\000.\0002\000\040\000C\000o\000n\000s\000t\000r\000u\000c\000t\000o\000r\000\040\000\046\000\040\000D\000e\000s\000t\000r\000u\000c\000t\000o\000r\000\040\000D\000o\000c\000u\000m\000e\000n\000t\000a\000t\000i\000o\000n}{section.7.5}% 80
\BOOKMARK [3][-]{subsubsection.7.5.2.1}{\376\377\0007\000.\0005\000.\0002\000.\0001\000\040\000S\000t\000a\000r\000t\000u\000p\000H\000a\000n\000d\000l\000e\000r\000\050\000\051\000\040\000[\0001\000/\0002\000]}{subsection.7.5.2}% 81
\BOOKMARK [3][-]{subsubsection.7.5.2.2}{\376\377\0007\000.\0005\000.\0002\000.\0002\000\040\000S\000t\000a\000r\000t\000u\000p\000H\000a\000n\000d\000l\000e\000r\000\050\000\051\000\040\000[\0002\000/\0002\000]}{subsection.7.5.2}% 82
\BOOKMARK [2][-]{subsection.7.5.3}{\376\377\0007\000.\0005\000.\0003\000\040\000M\000e\000m\000b\000e\000r\000\040\000F\000u\000n\000c\000t\000i\000o\000n\000\040\000D\000o\000c\000u\000m\000e\000n\000t\000a\000t\000i\000o\000n}{section.7.5}% 83
\BOOKMARK [3][-]{subsubsection.7.5.3.1}{\376\377\0007\000.\0005\000.\0003\000.\0001\000\040\000g\000e\000t\000O\000p\000t\000i\000o\000n\000s\000\050\000\051}{subsection.7.5.3}% 84
\BOOKMARK [3][-]{subsubsection.7.5.3.2}{\376\377\0007\000.\0005\000.\0003\000.\0002\000\040\000i\000n\000i\000t\000E\000a\000s\000y\000L\000o\000g\000g\000i\000n\000g\000\050\000\051}{subsection.7.5.3}% 85
\BOOKMARK [3][-]{subsubsection.7.5.3.3}{\376\377\0007\000.\0005\000.\0003\000.\0003\000\040\000o\000p\000e\000r\000a\000t\000o\000r\000=\000\050\000\051}{subsection.7.5.3}% 86
\BOOKMARK [0][-]{chapter.8}{\376\377\0008\000\040\000F\000i\000l\000e\000\040\000D\000o\000c\000u\000m\000e\000n\000t\000a\000t\000i\000o\000n}{}% 87
\BOOKMARK [1][-]{section.8.1}{\376\377\0008\000.\0001\000\040\000s\000r\000c\000/\000h\000e\000a\000d\000e\000r\000s\000/\000B\000a\000t\000c\000h\000C\000r\000e\000a\000t\000o\000r\000.\000h\000p\000p\000\040\000F\000i\000l\000e\000\040\000R\000e\000f\000e\000r\000e\000n\000c\000e}{chapter.8}% 88
\BOOKMARK [1][-]{section.8.2}{\376\377\0008\000.\0002\000\040\000B\000a\000t\000c\000h\000C\000r\000e\000a\000t\000o\000r\000.\000h\000p\000p}{chapter.8}% 89
\BOOKMARK [1][-]{section.8.3}{\376\377\0008\000.\0003\000\040\000s\000r\000c\000/\000h\000e\000a\000d\000e\000r\000s\000/\000C\000l\000i\000H\000a\000n\000d\000l\000e\000r\000.\000h\000p\000p\000\040\000F\000i\000l\000e\000\040\000R\000e\000f\000e\000r\000e\000n\000c\000e}{chapter.8}% 90
\BOOKMARK [1][-]{section.8.4}{\376\377\0008\000.\0004\000\040\000C\000l\000i\000H\000a\000n\000d\000l\000e\000r\000.\000h\000p\000p}{chapter.8}% 91
\BOOKMARK [1][-]{section.8.5}{\376\377\0008\000.\0005\000\040\000s\000r\000c\000/\000h\000e\000a\000d\000e\000r\000s\000/\000J\000S\000O\000N\000D\000a\000t\000a\000.\000h\000p\000p\000\040\000F\000i\000l\000e\000\040\000R\000e\000f\000e\000r\000e\000n\000c\000e}{chapter.8}% 92
\BOOKMARK [1][-]{section.8.6}{\376\377\0008\000.\0006\000\040\000J\000S\000O\000N\000D\000a\000t\000a\000.\000h\000p\000p}{chapter.8}% 93
\BOOKMARK [1][-]{section.8.7}{\376\377\0008\000.\0007\000\040\000s\000r\000c\000/\000h\000e\000a\000d\000e\000r\000s\000/\000J\000S\000O\000N\000H\000a\000n\000d\000l\000e\000r\000.\000h\000p\000p\000\040\000F\000i\000l\000e\000\040\000R\000e\000f\000e\000r\000e\000n\000c\000e}{chapter.8}% 94
\BOOKMARK [1][-]{section.8.8}{\376\377\0008\000.\0008\000\040\000J\000S\000O\000N\000H\000a\000n\000d\000l\000e\000r\000.\000h\000p\000p}{chapter.8}% 95
\BOOKMARK [1][-]{section.8.9}{\376\377\0008\000.\0009\000\040\000s\000r\000c\000/\000h\000e\000a\000d\000e\000r\000s\000/\000S\000t\000a\000r\000t\000u\000p\000H\000a\000n\000d\000l\000e\000r\000.\000h\000p\000p\000\040\000F\000i\000l\000e\000\040\000R\000e\000f\000e\000r\000e\000n\000c\000e}{chapter.8}% 96
\BOOKMARK [1][-]{section.8.10}{\376\377\0008\000.\0001\0000\000\040\000S\000t\000a\000r\000t\000u\000p\000H\000a\000n\000d\000l\000e\000r\000.\000h\000p\000p}{chapter.8}% 97
\BOOKMARK [1][-]{section.8.11}{\376\377\0008\000.\0001\0001\000\040\000s\000r\000c\000/\000m\000a\000i\000n\000.\000c\000p\000p\000\040\000F\000i\000l\000e\000\040\000R\000e\000f\000e\000r\000e\000n\000c\000e}{chapter.8}% 98
\BOOKMARK [2][-]{subsection.8.11.1}{\376\377\0008\000.\0001\0001\000.\0001\000\040\000F\000u\000n\000c\000t\000i\000o\000n\000\040\000D\000o\000c\000u\000m\000e\000n\000t\000a\000t\000i\000o\000n}{section.8.11}% 99
\BOOKMARK [3][-]{subsubsection.8.11.1.1}{\376\377\0008\000.\0001\0001\000.\0001\000.\0001\000\040\000m\000a\000i\000n\000\050\000\051}{subsection.8.11.1}% 100
\BOOKMARK [1][-]{section.8.12}{\376\377\0008\000.\0001\0002\000\040\000m\000a\000i\000n\000.\000c\000p\000p}{chapter.8}% 101
\BOOKMARK [1][-]{section.8.13}{\376\377\0008\000.\0001\0003\000\040\000s\000r\000c\000/\000s\000o\000u\000r\000c\000e\000s\000/\000B\000a\000t\000c\000h\000C\000r\000e\000a\000t\000o\000r\000.\000c\000p\000p\000\040\000F\000i\000l\000e\000\040\000R\000e\000f\000e\000r\000e\000n\000c\000e}{chapter.8}% 102
\BOOKMARK [1][-]{section.8.14}{\376\377\0008\000.\0001\0004\000\040\000B\000a\000t\000c\000h\000C\000r\000e\000a\000t\000o\000r\000.\000c\000p\000p}{chapter.8}% 103
\BOOKMARK [1][-]{section.8.15}{\376\377\0008\000.\0001\0005\000\040\000s\000r\000c\000/\000s\000o\000u\000r\000c\000e\000s\000/\000C\000l\000i\000H\000a\000n\000d\000l\000e\000r\000.\000c\000p\000p\000\040\000F\000i\000l\000e\000\040\000R\000e\000f\000e\000r\000e\000n\000c\000e}{chapter.8}% 104
\BOOKMARK [1][-]{section.8.16}{\376\377\0008\000.\0001\0006\000\040\000C\000l\000i\000H\000a\000n\000d\000l\000e\000r\000.\000c\000p\000p}{chapter.8}% 105
\BOOKMARK [1][-]{section.8.17}{\376\377\0008\000.\0001\0007\000\040\000s\000r\000c\000/\000s\000o\000u\000r\000c\000e\000s\000/\000J\000S\000O\000N\000D\000a\000t\000a\000.\000c\000p\000p\000\040\000F\000i\000l\000e\000\040\000R\000e\000f\000e\000r\000e\000n\000c\000e}{chapter.8}% 106
\BOOKMARK [1][-]{section.8.18}{\376\377\0008\000.\0001\0008\000\040\000J\000S\000O\000N\000D\000a\000t\000a\000.\000c\000p\000p}{chapter.8}% 107
\BOOKMARK [1][-]{section.8.19}{\376\377\0008\000.\0001\0009\000\040\000s\000r\000c\000/\000s\000o\000u\000r\000c\000e\000s\000/\000J\000S\000O\000N\000H\000a\000n\000d\000l\000e\000r\000.\000c\000p\000p\000\040\000F\000i\000l\000e\000\040\000R\000e\000f\000e\000r\000e\000n\000c\000e}{chapter.8}% 108
\BOOKMARK [1][-]{section.8.20}{\376\377\0008\000.\0002\0000\000\040\000J\000S\000O\000N\000H\000a\000n\000d\000l\000e\000r\000.\000c\000p\000p}{chapter.8}% 109
\BOOKMARK [1][-]{section.8.21}{\376\377\0008\000.\0002\0001\000\040\000s\000r\000c\000/\000s\000o\000u\000r\000c\000e\000s\000/\000S\000t\000a\000r\000t\000u\000p\000H\000a\000n\000d\000l\000e\000r\000.\000c\000p\000p\000\040\000F\000i\000l\000e\000\040\000R\000e\000f\000e\000r\000e\000n\000c\000e}{chapter.8}% 110
\BOOKMARK [1][-]{section.8.22}{\376\377\0008\000.\0002\0002\000\040\000S\000t\000a\000r\000t\000u\000p\000H\000a\000n\000d\000l\000e\000r\000.\000c\000p\000p}{chapter.8}% 111
\BOOKMARK [0][-]{section*.67}{\376\377\000I\000n\000d\000e\000x}{}% 112
