This is pdfTeX, Version 3.141592653-2.6-1.40.25 (TeX Live 2023/Alpine Linux) (preloaded format=pdflatex 2024.2.26)  26 FEB 2024 15:44
entering extended mode
 restricted \write18 enabled.
 %&-line parsing enabled.
**refman
(./refman.tex
LaTeX2e <2022-11-01> patch level 1
L3 programming layer <2023-02-22>
(/usr/share/texmf-dist/tex/latex/base/book.cls
Document Class: book 2022/07/02 v1.4n Standard LaTeX document class
(/usr/share/texmf-dist/tex/latex/base/bk10.clo
File: bk10.clo 2022/07/02 v1.4n Standard LaTeX file (size option)
)
\c@part=\count185
\c@chapter=\count186
\c@section=\count187
\c@subsection=\count188
\c@subsubsection=\count189
\c@paragraph=\count190
\c@subparagraph=\count191
\c@figure=\count192
\c@table=\count193
\abovecaptionskip=\skip48
\belowcaptionskip=\skip49
\bibindent=\dimen140
)
(/usr/share/texmf-dist/tex/latex/base/ifthen.sty
Package: ifthen 2022/04/13 v1.1d Standard LaTeX ifthen package (DPC)
)
(/usr/share/texmf-dist/tex/latex/tools/array.sty
Rollback for package 'array' requested -> date 2016-10-06.
         Best approximation is the release introduced on 2016-10-06.

(/usr/share/texmf-dist/tex/latex/tools/array-2016-10-06.sty
Package: array 2016/10/06 v2.4d Tabular extension package (FMi)
\col@sep=\dimen141
\extrarowheight=\dimen142
\NC@list=\toks16
\extratabsurround=\skip50
\backup@length=\skip51
))
(/usr/share/texmf-dist/tex/generic/infwarerr/infwarerr.sty
package info suppressed
) (./doxygen.sty
Package: doxygen 

(/usr/share/texmf-dist/tex/latex/base/alltt.sty
Package: alltt 2021/01/29 v2.0g defines alltt environment
)
(/usr/share/texmf-dist/tex/latex/tools/calc.sty
Package: calc 2017/05/25 v4.3 Infix arithmetic (KKT,FJ)
\calc@Acount=\count194
\calc@Bcount=\count195
\calc@Adimen=\dimen143
\calc@Bdimen=\dimen144
\calc@Askip=\skip52
\calc@Bskip=\skip53
LaTeX Info: Redefining \setlength on input line 80.
LaTeX Info: Redefining \addtolength on input line 81.
\calc@Ccount=\count196
\calc@Cskip=\skip54
)
(/usr/share/texmf-dist/tex/latex/float/float.sty
Package: float 2001/11/08 v1.3d Float enhancements (AL)
\c@float@type=\count197
\float@exts=\toks17
\float@box=\box51
\@float@everytoks=\toks18
\@floatcapt=\box52
)
(/usr/share/texmf-dist/tex/latex/tools/verbatim.sty
Package: verbatim 2022-07-02 v1.5u LaTeX2e package for verbatim enhancements
\every@verbatim=\toks19
\verbatim@line=\toks20
\verbatim@in@stream=\read2
)
(/usr/share/texmf-dist/tex/latex/xcolor/xcolor.sty
Package: xcolor 2022/06/12 v2.14 LaTeX color extensions (UK)

(/usr/share/texmf-dist/tex/latex/graphics-cfg/color.cfg
File: color.cfg 2016/01/02 v1.6 sample color configuration
)
Package xcolor Info: Driver file: pdftex.def on input line 227.

(/usr/share/texmf-dist/tex/latex/graphics-def/pdftex.def
File: pdftex.def 2022/09/22 v1.2b Graphics/color driver for pdftex
)
(/usr/share/texmf-dist/tex/latex/colortbl/colortbl.sty
Package: colortbl 2022/06/20 v1.0f Color table columns (DPC)
\everycr=\toks21
\minrowclearance=\skip55
\rownum=\count198
)
(/usr/share/texmf-dist/tex/latex/graphics/mathcolor.ltx)
Package xcolor Info: Model `cmy' substituted by `cmy0' on input line 1353.
Package xcolor Info: Model `hsb' substituted by `rgb' on input line 1357.
Package xcolor Info: Model `RGB' extended on input line 1369.
Package xcolor Info: Model `HTML' substituted by `rgb' on input line 1371.
Package xcolor Info: Model `Hsb' substituted by `hsb' on input line 1372.
Package xcolor Info: Model `tHsb' substituted by `hsb' on input line 1373.
Package xcolor Info: Model `HSB' substituted by `hsb' on input line 1374.
Package xcolor Info: Model `Gray' substituted by `gray' on input line 1375.
Package xcolor Info: Model `wave' substituted by `hsb' on input line 1376.
)
(./longtable_doxygen.sty
Package: longtable_doxygen 2014/10/28 v4.11 Multi-page Table package (DPC) - fr
ozen version for doxygen
\LTleft=\skip56
\LTright=\skip57
\LTpre=\skip58
\LTpost=\skip59
\LTchunksize=\count199
\LTcapwidth=\dimen145
\LT@head=\box53
\LT@firsthead=\box54
\LT@foot=\box55
\LT@lastfoot=\box56
\LT@cols=\count266
\LT@rows=\count267
\c@LT@tables=\count268
\c@LT@chunks=\count269
\LT@p@ftn=\toks22
) (./tabu_doxygen.sty
Package: tabu_doxygen 2011/02/26 v2.8 - flexible LaTeX tabulars (FC), frozen ve
rsion for doxygen

(/usr/share/texmf-dist/tex/latex/varwidth/varwidth.sty
Package: varwidth 2009/03/30 ver 0.92;  Variable-width minipages
\@vwid@box=\box57
\sift@deathcycles=\count270
\@vwid@loff=\dimen146
\@vwid@roff=\dimen147
)
\c@taburow=\count271
\tabu@nbcols=\count272
\tabu@cnt=\count273
\tabu@Xcol=\count274
\tabu@alloc=\count275
\tabu@nested=\count276
\tabu@target=\dimen148
\tabu@spreadtarget=\dimen149
\tabu@naturalX=\dimen150
\tabucolX=\dimen151
\tabu@Xsum=\dimen152
\extrarowdepth=\dimen153
\abovetabulinesep=\dimen154
\belowtabulinesep=\dimen155
\tabustrutrule=\dimen156
\tabu@thebody=\toks23
\tabu@footnotes=\toks24
\tabu@box=\box58
\tabu@arstrutbox=\box59
\tabu@hleads=\box60
\tabu@vleads=\box61
\tabu@cellskip=\skip60
)
(/usr/share/texmf-dist/tex/latex/fancyvrb/fancyvrb.sty
Package: fancyvrb 2023/01/19 4.5a verbatim text (tvz,hv)

(/usr/share/texmf-dist/tex/latex/graphics/keyval.sty
Package: keyval 2022/05/29 v1.15 key=value parser (DPC)
\KV@toks@=\toks25
)
\FV@CodeLineNo=\count277
\FV@InFile=\read3
\FV@TabBox=\box62
\c@FancyVerbLine=\count278
\FV@StepNumber=\count279
\FV@OutFile=\write3
)
(/usr/share/texmf-dist/tex/latex/tools/tabularx.sty
Package: tabularx 2020/01/15 v2.11c `tabularx' package (DPC)
\TX@col@width=\dimen157
\TX@old@table=\dimen158
\TX@old@col=\dimen159
\TX@target=\dimen160
\TX@delta=\dimen161
\TX@cols=\count280
\TX@ftn=\toks26
)
(/usr/share/texmf-dist/tex/latex/tools/multicol.sty
Package: multicol 2021/11/30 v1.9d multicolumn formatting (FMi)
\c@tracingmulticols=\count281
\mult@box=\box63
\multicol@leftmargin=\dimen162
\c@unbalance=\count282
\c@collectmore=\count283
\doublecol@number=\count284
\multicoltolerance=\count285
\multicolpretolerance=\count286
\full@width=\dimen163
\page@free=\dimen164
\premulticols=\dimen165
\postmulticols=\dimen166
\multicolsep=\skip61
\multicolbaselineskip=\skip62
\partial@page=\box64
\last@line=\box65
\maxbalancingoverflow=\dimen167
\mult@rightbox=\box66
\mult@grightbox=\box67
\mult@firstbox=\box68
\mult@gfirstbox=\box69
\@tempa=\box70
\@tempa=\box71
\@tempa=\box72
\@tempa=\box73
\@tempa=\box74
\@tempa=\box75
\@tempa=\box76
\@tempa=\box77
\@tempa=\box78
\@tempa=\box79
\@tempa=\box80
\@tempa=\box81
\@tempa=\box82
\@tempa=\box83
\@tempa=\box84
\@tempa=\box85
\@tempa=\box86
\@tempa=\box87
\@tempa=\box88
\@tempa=\box89
\@tempa=\box90
\@tempa=\box91
\@tempa=\box92
\@tempa=\box93
\@tempa=\box94
\@tempa=\box95
\@tempa=\box96
\@tempa=\box97
\@tempa=\box98
\@tempa=\box99
\@tempa=\box100
\@tempa=\box101
\@tempa=\box102
\@tempa=\box103
\@tempa=\box104
\@tempa=\box105
\c@minrows=\count287
\c@columnbadness=\count288
\c@finalcolumnbadness=\count289
\last@try=\dimen168
\multicolovershoot=\dimen169
\multicolundershoot=\dimen170
\mult@nat@firstbox=\box106
\colbreak@box=\box107
\mc@col@check@num=\count290
)
(/usr/share/texmf-dist/tex/latex/multirow/multirow.sty
Package: multirow 2021/03/15 v2.8 Span multiple rows of a table
\multirow@colwidth=\skip63
\multirow@cntb=\count291
\multirow@dima=\skip64
\bigstrutjot=\dimen171
)
(/usr/share/texmf-dist/tex/latex/hanging/hanging.sty
Package: hanging 2009/09/02 v1.2b hanging paragraphs and punctuation
\h@ngcommawd=\skip65
\h@ngfstopwd=\skip66
\h@ngquotewd=\skip67
\h@ngdquotewd=\skip68
\h@ngquerywd=\skip69
\h@ngexclwd=\skip70
\h@ngcolonwd=\skip71
\h@ngscolonwd=\skip72
)
(/usr/share/texmf-dist/tex/generic/iftex/ifpdf.sty
Package: ifpdf 2019/10/25 v3.4 ifpdf legacy package. Use iftex instead.

(/usr/share/texmf-dist/tex/generic/iftex/iftex.sty
Package: iftex 2022/02/03 v1.0f TeX engine tests
))
(/usr/share/texmf-dist/tex/latex/adjustbox/adjustbox.sty
Package: adjustbox 2022/10/17 v1.3a Adjusting TeX boxes (trim, clip, ...)

(/usr/share/texmf-dist/tex/latex/xkeyval/xkeyval.sty
Package: xkeyval 2022/06/16 v2.9 package option processing (HA)

(/usr/share/texmf-dist/tex/generic/xkeyval/xkeyval.tex
(/usr/share/texmf-dist/tex/generic/xkeyval/xkvutils.tex
\XKV@toks=\toks27
\XKV@tempa@toks=\toks28
)
\XKV@depth=\count292
File: xkeyval.tex 2014/12/03 v2.7a key=value parser (HA)
))
(/usr/share/texmf-dist/tex/latex/adjustbox/adjcalc.sty
Package: adjcalc 2012/05/16 v1.1 Provides advanced setlength with multiple back
-ends (calc, etex, pgfmath)
)
(/usr/share/texmf-dist/tex/latex/adjustbox/trimclip.sty
Package: trimclip 2020/08/19 v1.2 Trim and clip general TeX material

(/usr/share/texmf-dist/tex/latex/graphics/graphicx.sty
Package: graphicx 2021/09/16 v1.2d Enhanced LaTeX Graphics (DPC,SPQR)

(/usr/share/texmf-dist/tex/latex/graphics/graphics.sty
Package: graphics 2022/03/10 v1.4e Standard LaTeX Graphics (DPC,SPQR)

(/usr/share/texmf-dist/tex/latex/graphics/trig.sty
Package: trig 2021/08/11 v1.11 sin cos tan (DPC)
)
(/usr/share/texmf-dist/tex/latex/graphics-cfg/graphics.cfg
File: graphics.cfg 2016/06/04 v1.11 sample graphics configuration
)
Package graphics Info: Driver file: pdftex.def on input line 107.
)
\Gin@req@height=\dimen172
\Gin@req@width=\dimen173
)
(/usr/share/texmf-dist/tex/latex/collectbox/collectbox.sty
Package: collectbox 2022/10/17 v0.4c Collect macro arguments as boxes
\collectedbox=\box108
)
\tc@llx=\dimen174
\tc@lly=\dimen175
\tc@urx=\dimen176
\tc@ury=\dimen177
Package trimclip Info: Using driver 'tc-pdftex.def'.

(/usr/share/texmf-dist/tex/latex/adjustbox/tc-pdftex.def
File: tc-pdftex.def 2019/01/04 v2.2 Clipping driver for pdftex
))
\adjbox@Width=\dimen178
\adjbox@Height=\dimen179
\adjbox@Depth=\dimen180
\adjbox@Totalheight=\dimen181
\adjbox@pwidth=\dimen182
\adjbox@pheight=\dimen183
\adjbox@pdepth=\dimen184
\adjbox@ptotalheight=\dimen185

(/usr/share/texmf-dist/tex/latex/ifoddpage/ifoddpage.sty
Package: ifoddpage 2022/10/18 v1.2 Conditionals for odd/even page detection
\c@checkoddpage=\count293
))
(/usr/share/texmf-dist/tex/latex/amsfonts/amssymb.sty
Package: amssymb 2013/01/14 v3.01 AMS font symbols

(/usr/share/texmf-dist/tex/latex/amsfonts/amsfonts.sty
Package: amsfonts 2013/01/14 v3.01 Basic AMSFonts support
\@emptytoks=\toks29
\symAMSa=\mathgroup4
\symAMSb=\mathgroup5
LaTeX Font Info:    Redeclaring math symbol \hbar on input line 98.
LaTeX Font Info:    Overwriting math alphabet `\mathfrak' in version `bold'
(Font)                  U/euf/m/n --> U/euf/b/n on input line 106.
))
(/usr/share/texmf-dist/tex/latex/stackengine/stackengine.sty
Package: stackengine 2021/07/22 v4.11\ Stacking text and objects in convenient 
ways

(/usr/share/texmf-dist/tex/latex/etoolbox/etoolbox.sty
Package: etoolbox 2020/10/05 v2.5k e-TeX tools for LaTeX (JAW)
\etb@tempcnta=\count294
)
(/usr/share/texmf-dist/tex/generic/listofitems/listofitems.sty
(/usr/share/texmf-dist/tex/generic/listofitems/listofitems.tex
\loi_cnt_foreach_nest=\count295
\loi_nestcnt=\count296
)
Package: listofitems 2019/08/21 v1.63 Grab items in lists using user-specified 
sep char (CT)
)
\c@@stackindex=\count297
\@boxshift=\skip73
\stack@tmplength=\skip74
\temp@stkl=\skip75
\@stackedboxwidth=\skip76
\@addedbox=\box109
\@anchorbox=\box110
\@insetbox=\box111
\se@backgroundbox=\box112
\stackedbox=\box113
\@centerbox=\box114
\c@ROWcellindex@=\count298
)
(/usr/share/texmf-dist/tex/latex/enumitem/enumitem.sty
Package: enumitem 2019/06/20 v3.9 Customized lists
\labelindent=\skip77
\enit@outerparindent=\dimen186
\enit@toks=\toks30
\enit@inbox=\box115
\enit@count@id=\count299
\enitdp@description=\count300
)
(/usr/share/texmf-dist/tex/generic/alphalph/alphalph.sty
Package: alphalph 2019/12/09 v2.6 Convert numbers to letters (HO)

(/usr/share/texmf-dist/tex/generic/intcalc/intcalc.sty
Package: intcalc 2019/12/15 v1.3 Expandable calculations with integers (HO)
))
(/usr/share/texmf-dist/tex/generic/ulem/ulem.sty
\UL@box=\box116
\UL@hyphenbox=\box117
\UL@skip=\skip78
\UL@hook=\toks31
\UL@height=\dimen187
\UL@pe=\count301
\UL@pixel=\dimen188
\ULC@box=\box118
Package: ulem 2019/11/18
\ULdepth=\dimen189
)
\xrefbox=\box119
\xreflength=\skip79
\CodeWidthChar=\skip80
\CodeHeightChar=\skip81
\DoxyCodeWidth=\skip82
\c@DoxyEnumeratei=\count302
\c@DoxyEnumerateii=\count303
\c@DoxyEnumerateiii=\count304
\c@DoxyEnumerateiv=\count305
\c@DoxyEnumeratev=\count306
\c@DoxyEnumeratevi=\count307
\c@DoxyEnumeratevii=\count308
\c@DoxyEnumerateviii=\count309
\c@DoxyEnumerateix=\count310
\c@DoxyEnumeratex=\count311
\c@DoxyEnumeratexi=\count312
\c@DoxyEnumeratexii=\count313
\enitdp@DoxyEnumerate=\count314
\enitdp@DoxyItemize=\count315
\c@subsubsubsection=\count316
\c@subsubsubsubsection=\count317
\c@subsubsubsubsubsection=\count318
\c@subsubsubsubsubsubsection=\count319
)
(/usr/share/texmf-dist/tex/latex/base/inputenc.sty
Package: inputenc 2021/02/14 v1.3d Input encoding file
\inpenc@prehook=\toks32
\inpenc@posthook=\toks33
)
(/usr/share/texmf-dist/tex/latex/base/makeidx.sty
Package: makeidx 2021/10/04 v1.0m Standard LaTeX package
)
(/usr/share/texmf-dist/tex/latex/base/textcomp.sty
Package: textcomp 2020/02/02 v2.0n Standard LaTeX package
)
(/usr/share/texmf-dist/tex/latex/wasysym/wasysym.sty
Package: wasysym 2020/01/19 v2.4 Wasy-2 symbol support package
\symwasy=\mathgroup6
LaTeX Font Info:    Overwriting symbol font `wasy' in version `bold'
(Font)                  U/wasy/m/n --> U/wasy/b/n on input line 93.
)
(/usr/share/texmf-dist/tex/generic/iftex/ifxetex.sty
Package: ifxetex 2019/10/25 v0.7 ifxetex legacy package. Use iftex instead.
)
(/usr/share/texmf-dist/tex/latex/base/fontenc.sty
Package: fontenc 2021/04/29 v2.0v Standard LaTeX package
)
(/usr/share/texmf-dist/tex/latex/psnfss/helvet.sty
Package: helvet 2020/03/25 PSNFSS-v9.3 (WaS) 
)
(/usr/share/texmf-dist/tex/latex/psnfss/courier.sty
Package: courier 2020/03/25 PSNFSS-v9.3 (WaS) 
)
(/usr/share/texmf-dist/tex/latex/geometry/geometry.sty
Package: geometry 2020/01/02 v5.9 Page Geometry

(/usr/share/texmf-dist/tex/generic/iftex/ifvtex.sty
Package: ifvtex 2019/10/25 v1.7 ifvtex legacy package. Use iftex instead.
)
\Gm@cnth=\count320
\Gm@cntv=\count321
\c@Gm@tempcnt=\count322
\Gm@bindingoffset=\dimen190
\Gm@wd@mp=\dimen191
\Gm@odd@mp=\dimen192
\Gm@even@mp=\dimen193
\Gm@layoutwidth=\dimen194
\Gm@layoutheight=\dimen195
\Gm@layouthoffset=\dimen196
\Gm@layoutvoffset=\dimen197
\Gm@dimlist=\toks34
)
(/usr/share/texmf-dist/tex/latex/changepage/changepage.sty
Package: changepage 2009/10/20 v1.0c check page and change page layout
\c@cp@cntr=\count323
\cp@tempcnt=\count324
LaTeX Info: Redefining \checkoddpage on input line 59.
)
(/usr/share/texmf-dist/tex/latex/fancyhdr/fancyhdr.sty
Package: fancyhdr 2022/11/09 v4.1 Extensive control of page headers and footers

\f@nch@headwidth=\skip83
\f@nch@O@elh=\skip84
\f@nch@O@erh=\skip85
\f@nch@O@olh=\skip86
\f@nch@O@orh=\skip87
\f@nch@O@elf=\skip88
\f@nch@O@erf=\skip89
\f@nch@O@olf=\skip90
\f@nch@O@orf=\skip91
)
(/usr/share/texmf-dist/tex/latex/natbib/natbib.sty
Package: natbib 2010/09/13 8.31b (PWD, AO)
\bibhang=\skip92
\bibsep=\skip93
LaTeX Info: Redefining \cite on input line 694.
\c@NAT@ctr=\count325
)
(/usr/share/texmf-dist/tex/latex/tocloft/tocloft.sty
Package: tocloft 2017/08/31 v2.3i parameterised ToC, etc., typesetting
Package tocloft Info: The document has chapter divisions on input line 51.
\cftparskip=\skip94
\cftbeforetoctitleskip=\skip95
\cftaftertoctitleskip=\skip96
\cftbeforepartskip=\skip97
\cftpartnumwidth=\skip98
\cftpartindent=\skip99
\cftbeforechapskip=\skip100
\cftchapindent=\skip101
\cftchapnumwidth=\skip102
\cftbeforesecskip=\skip103
\cftsecindent=\skip104
\cftsecnumwidth=\skip105
\cftbeforesubsecskip=\skip106
\cftsubsecindent=\skip107
\cftsubsecnumwidth=\skip108
\cftbeforesubsubsecskip=\skip109
\cftsubsubsecindent=\skip110
\cftsubsubsecnumwidth=\skip111
\cftbeforeparaskip=\skip112
\cftparaindent=\skip113
\cftparanumwidth=\skip114
\cftbeforesubparaskip=\skip115
\cftsubparaindent=\skip116
\cftsubparanumwidth=\skip117
\cftbeforeloftitleskip=\skip118
\cftafterloftitleskip=\skip119
\cftbeforefigskip=\skip120
\cftfigindent=\skip121
\cftfignumwidth=\skip122
\c@lofdepth=\count326
\c@lotdepth=\count327
\cftbeforelottitleskip=\skip123
\cftafterlottitleskip=\skip124
\cftbeforetabskip=\skip125
\cfttabindent=\skip126
\cfttabnumwidth=\skip127
)
\@indexfile=\write4
\openout4 = `refman.idx'.


Writing index file refman.idx
(/usr/share/texmf-dist/tex/latex/newunicodechar/newunicodechar.sty
Package: newunicodechar 2018/04/08 v1.2 Defining Unicode characters
)
(/usr/share/texmf-dist/tex/latex/hyperref/hyperref.sty
Package: hyperref 2023-02-07 v7.00v Hypertext links for LaTeX

(/usr/share/texmf-dist/tex/generic/ltxcmds/ltxcmds.sty
Package: ltxcmds 2020-05-10 v1.25 LaTeX kernel commands for general use (HO)
)
(/usr/share/texmf-dist/tex/generic/pdftexcmds/pdftexcmds.sty
Package: pdftexcmds 2020-06-27 v0.33 Utility functions of pdfTeX for LuaTeX (HO
)
Package pdftexcmds Info: \pdf@primitive is available.
Package pdftexcmds Info: \pdf@ifprimitive is available.
Package pdftexcmds Info: \pdfdraftmode found.
)
(/usr/share/texmf-dist/tex/latex/kvsetkeys/kvsetkeys.sty
Package: kvsetkeys 2022-10-05 v1.19 Key value parser (HO)
)
(/usr/share/texmf-dist/tex/generic/kvdefinekeys/kvdefinekeys.sty
Package: kvdefinekeys 2019-12-19 v1.6 Define keys (HO)
)
(/usr/share/texmf-dist/tex/generic/pdfescape/pdfescape.sty
Package: pdfescape 2019/12/09 v1.15 Implements pdfTeX's escape features (HO)
)
(/usr/share/texmf-dist/tex/latex/hycolor/hycolor.sty
Package: hycolor 2020-01-27 v1.10 Color options for hyperref/bookmark (HO)
)
(/usr/share/texmf-dist/tex/latex/letltxmacro/letltxmacro.sty
Package: letltxmacro 2019/12/03 v1.6 Let assignment for LaTeX macros (HO)
)
(/usr/share/texmf-dist/tex/latex/auxhook/auxhook.sty
Package: auxhook 2019-12-17 v1.6 Hooks for auxiliary files (HO)
)
(/usr/share/texmf-dist/tex/latex/hyperref/nameref.sty
Package: nameref 2022-05-17 v2.50 Cross-referencing by name of section

(/usr/share/texmf-dist/tex/latex/refcount/refcount.sty
Package: refcount 2019/12/15 v3.6 Data extraction from label references (HO)
)
(/usr/share/texmf-dist/tex/generic/gettitlestring/gettitlestring.sty
Package: gettitlestring 2019/12/15 v1.6 Cleanup title references (HO)

(/usr/share/texmf-dist/tex/latex/kvoptions/kvoptions.sty
Package: kvoptions 2022-06-15 v3.15 Key value format for package options (HO)
))
\c@section@level=\count328
)
\@linkdim=\dimen198
\Hy@linkcounter=\count329
\Hy@pagecounter=\count330

(/usr/share/texmf-dist/tex/latex/hyperref/pd1enc.def
File: pd1enc.def 2023-02-07 v7.00v Hyperref: PDFDocEncoding definition (HO)
Now handling font encoding PD1 ...
... no UTF-8 mapping file for font encoding PD1
)
(/usr/share/texmf-dist/tex/generic/etexcmds/etexcmds.sty
Package: etexcmds 2019/12/15 v1.7 Avoid name clashes with e-TeX commands (HO)
)
\Hy@SavedSpaceFactor=\count331

(/usr/share/texmf-dist/tex/latex/hyperref/puenc.def
File: puenc.def 2023-02-07 v7.00v Hyperref: PDF Unicode definition (HO)
Now handling font encoding PU ...
... no UTF-8 mapping file for font encoding PU
)
Package hyperref Info: Hyper figures OFF on input line 4177.
Package hyperref Info: Link nesting OFF on input line 4182.
Package hyperref Info: Hyper index ON on input line 4185.
Package hyperref Info: Plain pages OFF on input line 4192.
Package hyperref Info: Backreferencing ON on input line 4195.
Package hyperref Info: Implicit mode ON; LaTeX internals redefined.
Package hyperref Info: Bookmarks ON on input line 4425.

(/usr/share/texmf-dist/tex/latex/hyperref/backref.sty
Package: backref 2021/02/04 v1.41 Bibliographical back referencing

(/usr/share/texmf-dist/tex/latex/rerunfilecheck/rerunfilecheck.sty
Package: rerunfilecheck 2022-07-10 v1.10 Rerun checks for auxiliary files (HO)

(/usr/share/texmf-dist/tex/latex/base/atveryend-ltx.sty
Package: atveryend-ltx 2020/08/19 v1.0a Emulation of the original atveryend pac
kage
with kernel methods
)
(/usr/share/texmf-dist/tex/generic/uniquecounter/uniquecounter.sty
Package: uniquecounter 2019/12/15 v1.4 Provide unlimited unique counter (HO)

(/usr/share/texmf-dist/tex/generic/bigintcalc/bigintcalc.sty
Package: bigintcalc 2019/12/15 v1.5 Expandable calculations on big integers (HO
)
))
Package uniquecounter Info: New unique counter `rerunfilecheck' on input line 2
85.
))
\c@Hy@tempcnt=\count332

(/usr/share/texmf-dist/tex/latex/url/url.sty
\Urlmuskip=\muskip16
Package: url 2013/09/16  ver 3.4  Verb mode for urls, etc.
)
LaTeX Info: Redefining \url on input line 4763.
\XeTeXLinkMargin=\dimen199

(/usr/share/texmf-dist/tex/generic/bitset/bitset.sty
Package: bitset 2019/12/09 v1.3 Handle bit-vector datatype (HO)
)
\Fld@menulength=\count333
\Field@Width=\dimen256
\Fld@charsize=\dimen257
Package hyperref Info: Hyper figures OFF on input line 6042.
Package hyperref Info: Link nesting OFF on input line 6047.
Package hyperref Info: Hyper index ON on input line 6050.
Package hyperref Info: backreferencing ON on input line 6055.
Package hyperref Info: Link coloring OFF on input line 6062.
Package hyperref Info: Link coloring with OCG OFF on input line 6067.
Package hyperref Info: PDF/A mode OFF on input line 6072.

(/usr/share/texmf-dist/tex/latex/base/atbegshi-ltx.sty
Package: atbegshi-ltx 2021/01/10 v1.0c Emulation of the original atbegshi
package with kernel methods
)
\Hy@abspage=\count334
\c@Item=\count335
\c@Hfootnote=\count336
)
Package hyperref Info: Driver: hpdftex.

(/usr/share/texmf-dist/tex/latex/hyperref/hpdftex.def
File: hpdftex.def 2023-02-07 v7.00v Hyperref driver for pdfTeX
\Fld@listcount=\count337
\c@bookmark@seq@number=\count338
\Hy@SectionHShift=\skip128
)
Package hyperref Info: Option `colorlinks' set `true' on input line 161.
Package hyperref Info: Option `unicode' set `true' on input line 161.

(/usr/share/texmf-dist/tex/latex/caption/caption.sty
Package: caption 2023/03/12 v3.6j Customizing captions (AR)

(/usr/share/texmf-dist/tex/latex/caption/caption3.sty
Package: caption3 2023/03/12 v2.4 caption3 kernel (AR)
\caption@tempdima=\dimen258
\captionmargin=\dimen259
\caption@leftmargin=\dimen260
\caption@rightmargin=\dimen261
\caption@width=\dimen262
\caption@indent=\dimen263
\caption@parindent=\dimen264
\caption@hangindent=\dimen265
Package caption Info: Standard document class detected.
)
\c@caption@flags=\count339
\c@continuedfloat=\count340
Package caption Info: changepage package is loaded.
\caption@adjustwidth@hsize=\dimen266
\caption@adjustwidth@linewidth=\dimen267
Package caption Info: float package is loaded.
Package caption Info: hyperref package is loaded.
Package caption Info: longtable package is loaded.

(/usr/share/texmf-dist/tex/latex/caption/ltcaption.sty
Package: ltcaption 2021/01/08 v1.4c longtable captions (AR)
)) (./etoc_doxygen.sty
Package: etoc_doxygen 2023/07/01 v1.2b Completely customisable TOCs (JFB)
\Etoc@toctoks=\toks35
\c@etoc@tocid=\count341
\etoc@framed@titlebox=\box120
\etoc@framed@contentsbox=\box121
)
LaTeX Font Info:    Trying to load font information for T1+phv on input line 18
3.

(/usr/share/texmf-dist/tex/latex/psnfss/t1phv.fd
File: t1phv.fd 2020/03/25 scalable font definitions for T1/phv.
)
LaTeX Font Info:    Font shape `T1/phv/m/n' will be
(Font)              scaled to size 8.99994pt on input line 183.

(/usr/share/texmf-dist/tex/latex/l3backend/l3backend-pdftex.def
File: l3backend-pdftex.def 2023-01-16 L3 backend support: PDF output (pdfTeX)
\l__color_backend_stack_int=\count342
\l__pdf_internal_box=\box122
) (./refman.aux)
\openout1 = `refman.aux'.

LaTeX Font Info:    Checking defaults for OML/cmm/m/it on input line 183.
LaTeX Font Info:    ... okay on input line 183.
LaTeX Font Info:    Checking defaults for OMS/cmsy/m/n on input line 183.
LaTeX Font Info:    ... okay on input line 183.
LaTeX Font Info:    Checking defaults for OT1/cmr/m/n on input line 183.
LaTeX Font Info:    ... okay on input line 183.
LaTeX Font Info:    Checking defaults for T1/cmr/m/n on input line 183.
LaTeX Font Info:    ... okay on input line 183.
LaTeX Font Info:    Checking defaults for TS1/cmr/m/n on input line 183.
LaTeX Font Info:    ... okay on input line 183.
LaTeX Font Info:    Checking defaults for OMX/cmex/m/n on input line 183.
LaTeX Font Info:    ... okay on input line 183.
LaTeX Font Info:    Checking defaults for U/cmr/m/n on input line 183.
LaTeX Font Info:    ... okay on input line 183.
LaTeX Font Info:    Checking defaults for PD1/pdf/m/n on input line 183.
LaTeX Font Info:    ... okay on input line 183.
LaTeX Font Info:    Checking defaults for PU/pdf/m/n on input line 183.
LaTeX Font Info:    ... okay on input line 183.
(/usr/share/texmf-dist/tex/context/base/mkii/supp-pdf.mkii
[Loading MPS to PDF converter (version 2006.09.02).]
\scratchcounter=\count343
\scratchdimen=\dimen268
\scratchbox=\box123
\nofMPsegments=\count344
\nofMParguments=\count345
\everyMPshowfont=\toks36
\MPscratchCnt=\count346
\MPscratchDim=\dimen269
\MPnumerator=\count347
\makeMPintoPDFobject=\count348
\everyMPtoPDFconversion=\toks37
) (/usr/share/texmf-dist/tex/latex/epstopdf-pkg/epstopdf-base.sty
Package: epstopdf-base 2020-01-24 v2.11 Base part for package epstopdf
Package epstopdf-base Info: Redefining graphics rule for `.eps' on input line 4
85.

(/usr/share/texmf-dist/tex/latex/latexconfig/epstopdf-sys.cfg
File: epstopdf-sys.cfg 2010/07/13 v1.3 Configuration of (r)epstopdf for TeX Liv
e
))
*geometry* driver: auto-detecting
*geometry* detected driver: pdftex
*geometry* verbose mode - [ preamble ] result:
* driver: pdftex
* paper: a4paper
* layout: <same size as paper>
* layoutoffset:(h,v)=(0.0pt,0.0pt)
* modes: twoside 
* h-part:(L,W,R)=(71.13188pt, 455.24411pt, 71.13188pt)
* v-part:(T,H,B)=(71.13188pt, 702.78308pt, 71.13188pt)
* \paperwidth=597.50787pt
* \paperheight=845.04684pt
* \textwidth=455.24411pt
* \textheight=702.78308pt
* \oddsidemargin=-1.1381pt
* \evensidemargin=-1.1381pt
* \topmargin=-31.2056pt
* \headheight=12.0pt
* \headsep=18.06749pt
* \topskip=10.0pt
* \footskip=25.29494pt
* \marginparwidth=125.0pt
* \marginparsep=7.0pt
* \columnsep=10.0pt
* \skip\footins=9.0pt plus 4.0pt minus 2.0pt
* \hoffset=0.0pt
* \voffset=0.0pt
* \mag=1000
* \@twocolumnfalse
* \@twosidetrue
* \@mparswitchtrue
* \@reversemarginfalse
* (1in=72.27pt=25.4mm, 1cm=28.453pt)

Package backref Info: ** backref set up for natbib ** on input line 183.
Package hyperref Info: Link coloring ON on input line 183.
(./refman.out) (./refman.out)
\@outlinefile=\write5
\openout5 = `refman.out'.

Package caption Info: Begin \AtBeginDocument code.
Package caption Info: End \AtBeginDocument code.
\Etoc@tf=\read4
Package hyperref Info: Option `pageanchor' set `false' on input line 191.
Package hyperref Info: Option `bookmarksnumbered' set `true' on input line 191.

Package hyperref Info: Option `unicode' set `true' on input line 191.
LaTeX Font Info:    Font shape `T1/phv/m/n' will be
(Font)              scaled to size 12.9599pt on input line 196.
LaTeX Font Info:    Font shape `T1/phv/m/n' will be
(Font)              scaled to size 6.29996pt on input line 196.
LaTeX Font Info:    Trying to load font information for U+msa on input line 196
.
 (/usr/share/texmf-dist/tex/latex/amsfonts/umsa.fd
File: umsa.fd 2013/01/14 v3.01 AMS symbols A
)
LaTeX Font Info:    Trying to load font information for U+msb on input line 196
.
 (/usr/share/texmf-dist/tex/latex/amsfonts/umsb.fd
File: umsb.fd 2013/01/14 v3.01 AMS symbols B
)
LaTeX Font Info:    Trying to load font information for U+wasy on input line 19
6.

(/usr/share/texmf-dist/tex/latex/wasysym/uwasy.fd
File: uwasy.fd 2020/01/19 v2.4 Wasy-2 symbol font definitions
)
LaTeX Font Info:    Font shape `T1/phv/m/n' will be
(Font)              scaled to size 10.79993pt on input line 198.
LaTeX Font Info:    Font shape `T1/phv/m/n' will be
(Font)              scaled to size 8.09995pt on input line 200.
 [1


{/usr/share/texmf-var/fonts/map/pdftex/updmap/pdftex.map}{/usr/share/texmf-dist
/fonts/enc/dvips/base/8r.enc}] [2

]
\tf@toc=\write6
\openout6 = `refman.toc'.

LaTeX Font Info:    Font shape `T1/phv/b/n' will be
(Font)              scaled to size 8.99994pt on input line 206.
LaTeX Font Info:    Font shape `T1/phv/b/n' will be
(Font)              scaled to size 6.29996pt on input line 206.
 [1] [2] [3] [4]
LaTeX Font Info:    Font shape `T1/phv/m/n' will be
(Font)              scaled to size 7.19995pt on input line 206.
LaTeX Font Info:    Trying to load font information for T1+pcr on input line 20
6.
 (/usr/share/texmf-dist/tex/latex/psnfss/t1pcr.fd
File: t1pcr.fd 2001/06/04 font definitions for T1/pcr.
)
[5] [6] [7] [8] [9] [10] [11] [12] [13] [14] [15] [16] [17] [18] [19] [20]
[21] [22] [23] [24] [25] [26] [27] [28] [29] [30]
Package hyperref Info: Option `pageanchor' set `true' on input line 209.
 (./md_README.tex
Chapter 1.
LaTeX Font Info:    Font shape `T1/phv/m/n' will be
(Font)              scaled to size 18.66588pt on input line 1.
LaTeX Font Info:    Font shape `T1/phv/b/n' will be
(Font)              scaled to size 18.66588pt on input line 1.
LaTeX Font Info:    Font shape `T1/phv/b/n' will be
(Font)              scaled to size 22.39185pt on input line 1.
LaTeX Font Info:    Font shape `T1/phv/b/n' will be
(Font)              scaled to size 12.9599pt on input line 5.
LaTeX Font Info:    Font shape `T1/phv/b/n' will be
(Font)              scaled to size 10.79993pt on input line 6.
LaTeX Font Info:    Trying to load font information for TS1+phv on input line 9
.
(/usr/share/texmf-dist/tex/latex/psnfss/ts1phv.fd
File: ts1phv.fd 2020/03/25 scalable font definitions for TS1/phv.
)
LaTeX Font Info:    Font shape `TS1/phv/m/n' will be
(Font)              scaled to size 8.99994pt on input line 9.
LaTeX Font Info:    Font shape `T1/phv/m/it' in size <10> not available
(Font)              Font shape `T1/phv/m/sl' tried instead on input line 31.
LaTeX Font Info:    Font shape `T1/phv/m/sl' will be
(Font)              scaled to size 8.99994pt on input line 31.
) (./todo.tex [1


] [2

]
Chapter 2.

Overfull \hbox (27.0pt too wide) in paragraph at lines 9--10
[]
 []


Overfull \hbox (27.0pt too wide) in paragraph at lines 19--20
[]
 []

) [3] [4

]
Chapter 3.
(./namespaces.tex) [5] [6

]
Chapter 4.
(./hierarchy.tex [7]) [8]
Chapter 5.
(./annotated.tex [9

] [10]) [11] [12

]
Chapter 6.
(./files.tex) [13] [14

]
Chapter 7.
(./namespaceel.tex
LaTeX Font Info:    Font shape `T1/phv/m/it' in size <9> not available
(Font)              Font shape `T1/phv/m/sl' tried instead on input line 12.
LaTeX Font Info:    Font shape `T1/phv/m/sl' will be
(Font)              scaled to size 8.09995pt on input line 12.
LaTeX Font Info:    Font shape `T1/phv/m/it' in size <7> not available
(Font)              Font shape `T1/phv/m/sl' tried instead on input line 25.
LaTeX Font Info:    Font shape `T1/phv/m/sl' will be
(Font)              scaled to size 6.29996pt on input line 25.
LaTeX Font Info:    Font shape `TS1/phv/m/it' in size <9> not available
(Font)              Font shape `TS1/phv/m/sl' tried instead on input line 53.
LaTeX Font Info:    Font shape `TS1/phv/m/sl' will be
(Font)              scaled to size 8.09995pt on input line 53.
 [15]
Underfull \hbox (badness 824) in paragraph at lines 98--119
[] \T1/phv/m/n/10 = 1 , [] = 2 , [] = 4 ,
 []


Overfull \hbox (21.97504pt too wide) in paragraph at lines 98--119
[] \T1/phv/m/n/10 = 256 , [] = 512 , []
 []

[16] [17] [18]) (./namespaceel_1_1base.tex [19] [20]
Overfull \hbox (17.7145pt too wide) in paragraph at lines 138--139
\T1/pcr/m/n/8 typedef std[]::unordered[]_[]map$\OML/cmm/m/it/8 <$\T1/pcr/m/n/8 
std[]::string, []$\OML/cmm/m/it/8 >$ [] \T1/pcr/m/n/8 [private] 
 []


Underfull \hbox (badness 10000) in paragraph at lines 148--149
\T1/pcr/m/n/8 typedef std[]::shared[]_[]ptr$\OML/cmm/m/it/8 <$[]$>$ []
 []

[21] [22]
LaTeX Font Info:    Font shape `T1/pcr/m/it' in size <8> not available
(Font)              Font shape `T1/pcr/m/sl' tried instead on input line 322.
) (./namespaceel_1_1base_1_1consts.tex [23] [24]
Underfull \hbox (badness 10000) in paragraph at lines 191--192
\T1/pcr/m/n/8 const []$\OMS/cmsy/m/n/8 ^^C$ \T1/pcr/m/n/8 el[]::base[]::consts[
]::k[]App[]Name[]Format[]Specifier = []("%app")
 []

[25] [26]
Underfull \hbox (badness 10000) in paragraph at lines 324--325
\T1/pcr/m/n/8 const char$\OMS/cmsy/m/n/8 ^^C$ \T1/pcr/m/n/8 el[]::base[]::const
s[]::k[]Days[]Abbrev[]7[] = { "Sun", "Mon", "Tue", "Wed", "Thu", "Fri",
 []

[27] [28]
LaTeX Font Info:    Trying to load font information for TS1+pcr on input line 4
64.
 (/usr/share/texmf-dist/tex/latex/psnfss/ts1pcr.fd
File: ts1pcr.fd 2001/06/04 font definitions for TS1/pcr.
)
Underfull \hbox (badness 10000) in paragraph at lines 514--515
\T1/pcr/m/n/8 const []$\OMS/cmsy/m/n/8 ^^C$ \T1/pcr/m/n/8 el[]::base[]::consts[
]::k[]Log[]File[]Format[]Specifier = []("%file")
 []

[29]
Underfull \hbox (badness 10000) in paragraph at lines 534--535
\T1/pcr/m/n/8 const []$\OMS/cmsy/m/n/8 ^^C$ \T1/pcr/m/n/8 el[]::base[]::consts[
]::k[]Logger[]Id[]Format[]Specifier = []("%logger")
 []


Underfull \hbox (badness 10000) in paragraph at lines 544--545
\T1/pcr/m/n/8 const []$\OMS/cmsy/m/n/8 ^^C$ \T1/pcr/m/n/8 el[]::base[]::consts[
]::k[]Log[]Line[]Format[]Specifier = []("%line")
 []


Underfull \hbox (badness 10000) in paragraph at lines 554--555
\T1/pcr/m/n/8 const []$\OMS/cmsy/m/n/8 ^^C$ \T1/pcr/m/n/8 el[]::base[]::consts[
]::k[]Log[]Location[]Format[]Specifier = []("%loc")
 []

[30]
Underfull \hbox (badness 10000) in paragraph at lines 594--595
\T1/pcr/m/n/8 const []$\OMS/cmsy/m/n/8 ^^C$ \T1/pcr/m/n/8 el[]::base[]::consts[
]::k[]Message[]Format[]Specifier = []("%msg")
 []


Underfull \hbox (badness 10000) in paragraph at lines 621--622
\T1/pcr/m/n/8 const char$\OMS/cmsy/m/n/8 ^^C$ \T1/pcr/m/n/8 el[]::base[]::const
s[]::k[]Months[]Abbrev[]12[] = { "Jan", "Feb", "Mar", "Apr", "May", "Jun",
 []

[31]
Overfull \hbox (53.00627pt too wide) in paragraph at lines 671--672
\T1/pcr/m/n/8 const []$\OMS/cmsy/m/n/8 ^^C$ \T1/pcr/m/n/8 el[]::base[]::consts[
]::k[]Severity[]Level[]Short[]Format[]Specifier = []("%levshort")
 []


Underfull \hbox (badness 10000) in paragraph at lines 701--702
\T1/pcr/m/n/8 const []$\OMS/cmsy/m/n/8 ^^C$ \T1/pcr/m/n/8 el[]::base[]::consts[
]::k[]Thread[]Id[]Format[]Specifier = []("%thread")
 []


Underfull \hbox (badness 10000) in paragraph at lines 729--730
\T1/pcr/m/n/8 const int el[]::base[]::consts[]::k[]Time[]Formats[]Count = sizeo
f([]) / sizeof([][]0[])
 []

[32] [33]
Underfull \hbox (badness 10000) in paragraph at lines 821--822
\T1/pcr/m/n/8 const []$\OMS/cmsy/m/n/8 ^^C$ \T1/pcr/m/n/8 el[]::base[]::consts[
]::k[]Verbose[]Level[]Short[]Log[]Value = []("V")
 []


Underfull \hbox (badness 10000) in paragraph at lines 831--832
\T1/pcr/m/n/8 const []$\OMS/cmsy/m/n/8 ^^C$ \T1/pcr/m/n/8 el[]::base[]::consts[
]::k[]Warning[]Level[]Log[]Value = []("WARNING")
 []


Underfull \hbox (badness 10000) in paragraph at lines 841--842
\T1/pcr/m/n/8 const []$\OMS/cmsy/m/n/8 ^^C$ \T1/pcr/m/n/8 el[]::base[]::consts[
]::k[]Warning[]Level[]Short[]Log[]Value = []("W")
 []

[34]) (./namespaceel_1_1base_1_1debug.tex)
(./namespaceel_1_1base_1_1threading.tex
Overfull \hbox (42.77861pt too wide) in paragraph at lines 42--43
\T1/pcr/m/n/8 typedef []$\OML/cmm/m/it/8 <$[]$>$ []
 []

[35]) (./namespaceel_1_1base_1_1threading_1_1internal.tex)
(./namespaceel_1_1base_1_1type.tex [36] [37]
Overfull \hbox (23.5786pt too wide) in paragraph at lines 127--128
\T1/pcr/m/n/8 typedef std[]::shared[]_[]ptr$\OML/cmm/m/it/8 <$[]$>$ [] 
 []

) (./namespaceel_1_1base_1_1utils.tex [38] [39] [40]
Underfull \hbox (badness 10000) in paragraph at lines 120--122
[] \T1/pcr/m/n/8 std[]::enable[]_[]if$\OML/cmm/m/it/8 <$ \T1/pcr/m/n/8 std[]::i
s[]_[]pointer$\OML/cmm/m/it/8 <$ [] $\OMS/cmsy/m/n/8 ^^C$ $\OML/cmm/m/it/8 >$[]
\T1/pcr/m/n/8 ::value, [] $\OML/cmm/m/it/8 >$[]\T1/pcr/m/n/8 ::type el[]::base[
]::utils[]::safe[]
 []

) (./namespaceel_1_1base_1_1utils_1_1bitwise.tex [41]) (./namespacestd.tex)
(./namespaceWIP.tex [42]) [43] [44

]
Chapter 8.
(./classel_1_1base_1_1utils_1_1AbstractRegistry.tex <./classel_1_1base_1_1utils
_1_1AbstractRegistry.pdf>
<classel_1_1base_1_1utils_1_1AbstractRegistry.pdf, id=7955, 501.875pt x 42.4385
5pt>
File: classel_1_1base_1_1utils_1_1AbstractRegistry.pdf Graphic file (type pdf)
<use classel_1_1base_1_1utils_1_1AbstractRegistry.pdf>
Package pdftex.def Info: classel_1_1base_1_1utils_1_1AbstractRegistry.pdf  used
 on input line 11.
(pdftex.def)             Requested size: 398.37608pt x 33.68605pt.
 [45]
Underfull \hbox (badness 10000) in paragraph at lines 100--102
[] \T1/pcr/m/n/8 Container[]::const[]_[]iterator []$\OML/cmm/m/it/8 <$ []\T1/pc
r/m/n/8 , [] $\OML/cmm/m/it/8 >$[]
 []

LaTeX Font Info:    Font shape `T1/phv/b/n' will be
(Font)              scaled to size 7.19995pt on input line 124.
[46]
Underfull \hbox (badness 10000) detected at line 176
[][][]
 []


Underfull \hbox (badness 10000) detected at line 194
[][][]
 []

[47]
Underfull \hbox (badness 10000) detected at line 212
[][][]
 []


Underfull \hbox (badness 10000) detected at line 241
[][][]
 []


Underfull \hbox (badness 10000) detected at line 259
[][][]
 []

[48]
Overfull \hbox (91.43184pt too wide) in paragraph at lines 313--314
[]\T1/phv/m/n/10 References [], and []. 
 []


Overfull \hbox (91.43184pt too wide) in paragraph at lines 347--348
[]\T1/phv/m/n/10 References [], and []. 
 []

[49]
Underfull \hbox (badness 10000) detected at line 367
[][][]
 []


Underfull \hbox (badness 10000) in paragraph at lines 391--392
[]\T1/phv/m/n/10 Implemented in [], [],
 []


Overfull \hbox (76.70769pt too wide) in paragraph at lines 391--392
[]\T1/phv/m/n/10 , [],
 []

) (./classel_1_1Callback.tex <./classel_1_1Callback.pdf>
<classel_1_1Callback.pdf, id=8410, 501.875pt x 206.96321pt>
File: classel_1_1Callback.pdf Graphic file (type pdf)
<use classel_1_1Callback.pdf>
Package pdftex.def Info: classel_1_1Callback.pdf  used on input line 10.
(pdftex.def)             Requested size: 137.98924pt x 56.9055pt.
 [50] [51]
LaTeX Font Info:    Font shape `T1/pcr/m/it' in size <7> not available
(Font)              Font shape `T1/pcr/m/sl' tried instead on input line 89.
)
(./classel_1_1base_1_1utils_1_1CommandLineArgs.tex [52] [53]
Underfull \hbox (badness 10000) detected at line 130
[][][]
 []

[54] [55]
Underfull \hbox (badness 10000) in paragraph at lines 277--278
\T1/pcr/m/n/8 std[]::unordered[]_[]map$\OML/cmm/m/it/8 <$\T1/pcr/m/n/8 std[]::s
tring, std[]::string$\OML/cmm/m/it/8 >$ \T1/pcr/m/n/8 el[]::base[]::utils[]::[]
Command[]Line[]Args[]::m[]_[]params[]With[]
 []

) (./classel_1_1Configuration.tex <./classel_1_1Configuration.pdf>
<classel_1_1Configuration.pdf, id=8698, 501.875pt x 358.4793pt>
File: classel_1_1Configuration.pdf Graphic file (type pdf)
<use classel_1_1Configuration.pdf>
Package pdftex.def Info: classel_1_1Configuration.pdf  used on input line 15.
(pdftex.def)             Requested size: 79.66602pt x 56.9055pt.
 [56]
[57] [58]
Underfull \hbox (badness 1365) in paragraph at lines 158--159
[]\T1/phv/m/n/10 References [], [], [],
 []

[59]) (./classel_1_1Configurations.tex <./classel_1_1Configurations.pdf>
<classel_1_1Configurations.pdf, id=8844, 501.875pt x 171.21968pt>
File: classel_1_1Configurations.pdf Graphic file (type pdf)
<use classel_1_1Configurations.pdf>
Package pdftex.def Info: classel_1_1Configurations.pdf  used on input line 15.
(pdftex.def)             Requested size: 333.59717pt x 113.81102pt.

[60] [61] [62] [63]
Underfull \hbox (badness 10000) detected at line 217
[][][]
 []

[64]
Overfull \hbox (42.16374pt too wide) in paragraph at lines 302--303
[]\T1/phv/m/n/10 References [], [], [], and []. 
 []

[65]
Overfull \hbox (153.50893pt too wide) in paragraph at lines 327--328
[]\T1/phv/m/n/10 References [], and []. 
 []


Underfull \hbox (badness 10000) detected at line 346
[][][]
 []


Underfull \hbox (badness 10000) detected at line 372
[][][]
 []

[66]
Underfull \hbox (badness 10000) detected at line 393
[][][]
 []


Underfull \hbox (badness 10000) detected at line 423
[][][]
 []


Overfull \hbox (179.13303pt too wide) in paragraph at lines 436--437
[]\T1/phv/m/n/10 References [], [], [],
 []

[67]
Underfull \hbox (badness 10000) in paragraph at lines 459--460
[]\T1/phv/m/n/10 References [], [],
 []


Underfull \hbox (badness 10000) detected at line 478
[][][]
 []


Underfull \hbox (badness 10000) detected at line 495
[][][]
 []

[68]
Overfull \hbox (30.64114pt too wide) in paragraph at lines 522--523
[]\T1/phv/m/n/10 References [], [], [], [], [], [], [], [],
 []


Overfull \hbox (270.0603pt too wide) in paragraph at lines 522--523
[]\T1/phv/m/n/10 , [], [], [],
 []


Overfull \hbox (31.99342pt too wide) in paragraph at lines 558--559
[]\T1/phv/m/n/10 , and []. 
 []


Underfull \hbox (badness 10000) detected at line 570
[][][]
 []

[69]) (./structel_1_1ConfigurationStringToTypeItem.tex [70])
(./classel_1_1ConfigurationTypeHelper.tex <./classel_1_1ConfigurationTypeHelper
.pdf>
<classel_1_1ConfigurationTypeHelper.pdf, id=9478, 501.875pt x 225.5627pt>
File: classel_1_1ConfigurationTypeHelper.pdf Graphic file (type pdf)
<use classel_1_1ConfigurationTypeHelper.pdf>
Package pdftex.def Info: classel_1_1ConfigurationTypeHelper.pdf  used on input 
line 15.
(pdftex.def)             Requested size: 126.60947pt x 56.9055pt.
 [71]
Overfull \hbox (17.45662pt too wide) in paragraph at lines 34--35
[]\T1/phv/m/n/10 static const [] [] = static[]_[]cast$\OML/cmm/m/it/10 <$[]$>$\
T1/phv/m/n/10 ([]) 
 []


Overfull \hbox (50.99928pt too wide) in paragraph at lines 36--37
[]\T1/phv/m/n/10 static const [] [] = static[]_[]cast$\OML/cmm/m/it/10 <$[]$>$\
T1/phv/m/n/10 ([]) 
 []

[72]
Overfull \hbox (32.54073pt too wide) in paragraph at lines 97--98
[]\T1/phv/m/n/10 References [], [], [],
 []


Underfull \hbox (badness 10000) detected at line 109
[][][]
 []

[73]
Overfull \hbox (201.17871pt too wide) in paragraph at lines 152--153
\T1/pcr/m/n/8 const [] el[]::[]Configuration[]Type[]Helper[]::k[]Max[]Valid = s
tatic[]_[]cast$\OML/cmm/m/it/8 <$[]$>$\T1/pcr/m/n/8 ([])
 []


Overfull \hbox (167.57869pt too wide) in paragraph at lines 166--167
\T1/pcr/m/n/8 const [] el[]::[]Configuration[]Type[]Helper[]::k[]Min[]Valid = s
tatic[]_[]cast$\OML/cmm/m/it/8 <$[]$>$\T1/pcr/m/n/8 ([])
 []

) (./classel_1_1base_1_1debug_1_1CrashHandler.tex)
(./classel_1_1CustomFormatSpecifier.tex [74]
Underfull \hbox (badness 10000) detected at line 35
[][][]
 []

[75]) (./classel_1_1base_1_1utils_1_1DateTime.tex <./classel_1_1base_1_1utils_1
_1DateTime.pdf>
<classel_1_1base_1_1utils_1_1DateTime.pdf, id=9653, 501.875pt x 269.46672pt>
File: classel_1_1base_1_1utils_1_1DateTime.pdf Graphic file (type pdf)
<use classel_1_1base_1_1utils_1_1DateTime.pdf>
Package pdftex.def Info: classel_1_1base_1_1utils_1_1DateTime.pdf  used on inpu
t line 11.
(pdftex.def)             Requested size: 105.97887pt x 56.9055pt.
 [76] [77]
Underfull \hbox (badness 10000) detected at line 93
[][][]
 []

[78]
Underfull \hbox (badness 6978) in paragraph at lines 157--158
[]\T1/phv/m/n/10 References [], [], [],
 []


Overfull \hbox (30.07703pt too wide) in paragraph at lines 157--158
[]\T1/phv/m/n/10 , [], [], [],
 []

) (./classel_1_1base_1_1DefaultLogBuilder.tex <./classel_1_1base_1_1DefaultLogB
uilder.pdf>
<classel_1_1base_1_1DefaultLogBuilder.pdf, id=9855, 501.875pt x 354.26353pt>
File: classel_1_1base_1_1DefaultLogBuilder.pdf Graphic file (type pdf)
<use classel_1_1base_1_1DefaultLogBuilder.pdf>
Package pdftex.def Info: classel_1_1base_1_1DefaultLogBuilder.pdf  used on inpu
t line 6.
(pdftex.def)             Requested size: 120.91959pt x 85.35826pt.
 [79]
Underfull \hbox (badness 10000) in paragraph at lines 49--50
[]\T1/phv/m/n/10 References [], [], [],
 []


Overfull \hbox (91.85927pt too wide) in paragraph at lines 49--50
[]\T1/phv/m/n/10 , [], [],
 []


Overfull \hbox (73.87743pt too wide) in paragraph at lines 49--50
[]\T1/phv/m/n/10 , [], [],
 []


Overfull \hbox (94.9371pt too wide) in paragraph at lines 49--50
[]\T1/phv/m/n/10 , [], [],
 []


Overfull \hbox (79.22333pt too wide) in paragraph at lines 49--50
[]\T1/phv/m/n/10 , [], [],
 []


Overfull \hbox (40.35583pt too wide) in paragraph at lines 49--50
[]\T1/phv/m/n/10 , [], [], [], [],
 []

) (./classel_1_1base_1_1DefaultLogDispatchCallback.tex <./classel_1_1base_1_1De
faultLogDispatchCallback.pdf>
<classel_1_1base_1_1DefaultLogDispatchCallback.pdf, id=9937, 501.875pt x 352.19
58pt>
File: classel_1_1base_1_1DefaultLogDispatchCallback.pdf Graphic file (type pdf)

<use classel_1_1base_1_1DefaultLogDispatchCallback.pdf>
Package pdftex.def Info: classel_1_1base_1_1DefaultLogDispatchCallback.pdf  use
d on input line 6.
(pdftex.def)             Requested size: 162.18082pt x 113.81102pt.
 [80] [81]
Overfull \hbox (23.69083pt too wide) in paragraph at lines 76--77
[]\T1/phv/m/n/10 , [], [], [], [], [],
 []


Overfull \hbox (32.24698pt too wide) in paragraph at lines 76--77
[]\T1/phv/m/n/10 , [], [], [], [],
 []


Overfull \hbox (25.3005pt too wide) in paragraph at lines 76--77
[]\T1/phv/m/n/10 , [], [], [], [], [],
 []


Underfull \hbox (badness 10000) in paragraph at lines 76--77
[]\T1/phv/m/n/10 , [], [], [],
 []


Overfull \hbox (59.94661pt too wide) in paragraph at lines 76--77
[]\T1/phv/m/n/10 , [], [], [],
 []


Overfull \hbox (30.77872pt too wide) in paragraph at lines 94--95
[]\T1/phv/m/n/10 References [], [], [], [],
 []


Overfull \hbox (26.33249pt too wide) in paragraph at lines 94--95
[]\T1/phv/m/n/10 , [], [], [],
 []

) (./classel_1_1base_1_1utils_1_1File.tex <./classel_1_1base_1_1utils_1_1File.p
df>
<classel_1_1base_1_1utils_1_1File.pdf, id=10069, 501.875pt x 306.48502pt>
File: classel_1_1base_1_1utils_1_1File.pdf Graphic file (type pdf)
<use classel_1_1base_1_1utils_1_1File.pdf>
Package pdftex.def Info: classel_1_1base_1_1utils_1_1File.pdf  used on input li
ne 6.
(pdftex.def)             Requested size: 93.18236pt x 56.9055pt.
 [82]
Overfull \hbox (71.80908pt too wide) in paragraph at lines 20--21
[][] \T1/phv/m/n/10 std[]::string [] ([] std[]::string &[], [] [] $\OMS/cmsy/m/
n/10 ^^C$[]\T1/phv/m/n/10 =[]) 
 []


Overfull \hbox (73.53201pt too wide) in paragraph at lines 22--23
[][] [] [] \T1/phv/m/n/10 ([] [] $\OMS/cmsy/m/n/10 ^^C$\T1/phv/m/n/10 filename,
 [] [][]$ $[], std[]::size[]_[]t []=[]) 
 []


Overfull \hbox (78.32346pt too wide) in paragraph at lines 24--25
[][] [] [] \T1/phv/m/n/10 ([] std[]::string &[], [] [][]$ $[], std[]::size[]_[]
t []=[],
 []

[83]
Overfull \hbox (25.183pt too wide) in paragraph at lines 93--94
[]\T1/phv/m/n/10 References [], [], [],
 []

[84]
Underfull \hbox (badness 10000) detected at line 133
[][][]
 []

) (./structstd_1_1hash_3_01el_1_1Level_01_4.tex) (./classel_1_1Helpers.tex
[85] <./classel_1_1Helpers.pdf>
<classel_1_1Helpers.pdf, id=10252, 501.875pt x 306.48502pt>
File: classel_1_1Helpers.pdf Graphic file (type pdf)
<use classel_1_1Helpers.pdf>
Package pdftex.def Info: classel_1_1Helpers.pdf  used on input line 15.
(pdftex.def)             Requested size: 93.18236pt x 56.9055pt.
 [86]
Overfull \hbox (25.08168pt too wide) in paragraph at lines 102--103
[]\T1/phv/m/n/10 References [], [], [], [],
 []

[87] [88]
Underfull \hbox (badness 10000) detected at line 212
[][][]
 []

[89]
Underfull \hbox (badness 10000) detected at line 301
[][][]
 []

[90]) (./classel_1_1base_1_1HitCounter.tex [91] [92] [93])
(./classel_1_1LevelHelper.tex <./classel_1_1LevelHelper.pdf>
<classel_1_1LevelHelper.pdf, id=10530, 501.875pt x 306.48502pt>
File: classel_1_1LevelHelper.pdf Graphic file (type pdf)
<use classel_1_1LevelHelper.pdf>
Package pdftex.def Info: classel_1_1LevelHelper.pdf  used on input line 15.
(pdftex.def)             Requested size: 93.18236pt x 56.9055pt.
 [94] [95]
Underfull \hbox (badness 10000) detected at line 109
[][][]
 []

[96]
Overfull \hbox (37.9786pt too wide) in paragraph at lines 152--153
\T1/pcr/m/n/8 const [] el[]::[]Level[]Helper[]::k[]Max[]Valid = static[]_[]cast
$\OML/cmm/m/it/8 <$[]$>$\T1/pcr/m/n/8 ([])
 []


Overfull \hbox (42.77861pt too wide) in paragraph at lines 166--167
\T1/pcr/m/n/8 const [] el[]::[]Level[]Helper[]::k[]Min[]Valid = static[]_[]cast
$\OML/cmm/m/it/8 <$[]$>$\T1/pcr/m/n/8 ([])
 []

) (./classel_1_1LogBuilder.tex <./classel_1_1LogBuilder.pdf>
<classel_1_1LogBuilder.pdf, id=10636, 501.875pt x 354.26353pt>
File: classel_1_1LogBuilder.pdf Graphic file (type pdf)
<use classel_1_1LogBuilder.pdf>
Package pdftex.def Info: classel_1_1LogBuilder.pdf  used on input line 10.
(pdftex.def)             Requested size: 120.91959pt x 85.35826pt.
 [97]
Overfull \hbox (195.26591pt too wide) in paragraph at lines 99--100
[]\T1/phv/m/n/10 References [], [], [], [], [], [],
 []

[98]) (./classel_1_1LogDispatchCallback.tex <./classel_1_1LogDispatchCallback.p
df>
<classel_1_1LogDispatchCallback.pdf, id=10705, 501.875pt x 352.1958pt>
File: classel_1_1LogDispatchCallback.pdf Graphic file (type pdf)
<use classel_1_1LogDispatchCallback.pdf>
Package pdftex.def Info: classel_1_1LogDispatchCallback.pdf  used on input line
 10.
(pdftex.def)             Requested size: 162.18082pt x 113.81102pt.
 [99] [100]
Underfull \hbox (badness 10000) in paragraph at lines 79--80
[]\T1/phv/m/n/10 References [], [], [],
 []


Underfull \hbox (badness 10000) in paragraph at lines 119--120
\T1/pcr/m/n/8 std[]::unordered[]_[]map$\OML/cmm/m/it/8 <$\T1/pcr/m/n/8 std[]::s
tring, std[]::unique[]_[]ptr$\OML/cmm/m/it/8 <$[]$>$ $>$ \T1/pcr/m/n/8 el[]::[]
Log[]Dispatch[]
 []

) (./classel_1_1LogDispatchData.tex [101] [102])
(./classel_1_1base_1_1LogDispatcher.tex <./classel_1_1base_1_1LogDispatcher.pdf
>
<classel_1_1base_1_1LogDispatcher.pdf, id=10853, 501.875pt x 265.89337pt>
File: classel_1_1base_1_1LogDispatcher.pdf Graphic file (type pdf)
<use classel_1_1base_1_1LogDispatcher.pdf>
Package pdftex.def Info: classel_1_1base_1_1LogDispatcher.pdf  used on input li
ne 11.
(pdftex.def)             Requested size: 107.40324pt x 56.9055pt.
 [103] [104]
Underfull \hbox (badness 4024) in paragraph at lines 71--72
[]\T1/phv/m/n/10 References [], [], [], [],
 []


Underfull \hbox (badness 1552) in paragraph at lines 71--72
[]\T1/phv/m/n/10 , [], [], [], [],
 []


Overfull \hbox (43.34239pt too wide) in paragraph at lines 71--72
[]\T1/phv/m/n/10 , [], [], [],
 []

) (./classel_1_1base_1_1LogFormat.tex <./classel_1_1base_1_1LogFormat.pdf>
<classel_1_1base_1_1LogFormat.pdf, id=10927, 501.875pt x 311.24278pt>
File: classel_1_1base_1_1LogFormat.pdf Graphic file (type pdf)
<use classel_1_1base_1_1LogFormat.pdf>
Package pdftex.def Info: classel_1_1base_1_1LogFormat.pdf  used on input line 1
1.
(pdftex.def)             Requested size: 91.75798pt x 56.9055pt.

[105] [106] [107] [108]
Overfull \hbox (70.33159pt too wide) in paragraph at lines 277--278
[]\T1/phv/m/n/10 , [], [],
 []


Overfull \hbox (91.87718pt too wide) in paragraph at lines 277--278
[]\T1/phv/m/n/10 , [], [],
 []


Overfull \hbox (79.39417pt too wide) in paragraph at lines 277--278
[]\T1/phv/m/n/10 , [], [],
 []


Overfull \hbox (127.52547pt too wide) in paragraph at lines 277--278
[]\T1/phv/m/n/10 , [], [],
 []


Underfull \hbox (badness 10000) in paragraph at lines 277--278
[]\T1/phv/m/n/10 , [], [],
 []


Underfull \hbox (badness 4266) in paragraph at lines 277--278
[]\T1/phv/m/n/10 , [], [], [], [], [],
 []


Underfull \hbox (badness 1688) in paragraph at lines 277--278
[]\T1/phv/m/n/10 , [], [], [], [], [], and
 []

[109]
Underfull \hbox (badness 10000) in paragraph at lines 302--303
[]\T1/phv/m/n/10 References [], [], [], [],
 []


Overfull \hbox (27.7777pt too wide) in paragraph at lines 320--321
[]\T1/phv/m/n/10 References [], [], [], [], [], [], [],
 []


Overfull \hbox (76.24428pt too wide) in paragraph at lines 320--321
[]\T1/phv/m/n/10 , [], [],
 []


Overfull \hbox (29.06679pt too wide) in paragraph at lines 320--321
[]\T1/phv/m/n/10 , [], [],
 []


Overfull \hbox (40.42435pt too wide) in paragraph at lines 320--321
[]\T1/phv/m/n/10 , [], [],
 []


Overfull \hbox (107.78876pt too wide) in paragraph at lines 320--321
[]\T1/phv/m/n/10 , [], [],
 []


Overfull \hbox (78.8091pt too wide) in paragraph at lines 320--321
[]\T1/phv/m/n/10 , [], [],
 []


Underfull \hbox (badness 10000) in paragraph at lines 320--321
[]\T1/phv/m/n/10 , [], [],
 []


Underfull \hbox (badness 5417) in paragraph at lines 320--321
[]\T1/phv/m/n/10 , [], [], [], [], [],
 []

[110]) (./classel_1_1Loggable.tex [111] <./classel_1_1Loggable.pdf>
<classel_1_1Loggable.pdf, id=11257, 501.875pt x 103.7476pt>
File: classel_1_1Loggable.pdf Graphic file (type pdf)
<use classel_1_1Loggable.pdf>
Package pdftex.def Info: classel_1_1Loggable.pdf  used on input line 15.
(pdftex.def)             Requested size: 275.27396pt x 56.9055pt.
 [112])
(./classel_1_1Logger.tex <./classel_1_1Logger.pdf>
<classel_1_1Logger.pdf, id=11295, 501.875pt x 103.47658pt>
File: classel_1_1Logger.pdf Graphic file (type pdf)
<use classel_1_1Logger.pdf>
Package pdftex.def Info: classel_1_1Logger.pdf  used on input line 15.
(pdftex.def)             Requested size: 276.00146pt x 56.9055pt.
 [113] [114] [115]
Underfull \hbox (badness 3118) in paragraph at lines 195--196
[]\T1/phv/m/n/10 References [], [], [], [], [],
 []


Underfull \hbox (badness 2221) in paragraph at lines 242--243
[]\T1/phv/m/n/10 References [], [], [], [], [],
 []


Overfull \hbox (38.1248pt too wide) in paragraph at lines 242--243
[]\T1/phv/m/n/10 , [], [], [], [],
 []

[116]
Overfull \hbox (97.7558pt too wide) in paragraph at lines 266--267
[]\T1/phv/m/n/10 References [], [], [], [],
 []


Underfull \hbox (badness 4660) in paragraph at lines 284--285
[]\T1/phv/m/n/10 References [], [], [], [],
 []


Underfull \hbox (badness 10000) in paragraph at lines 308--309
[]\T1/phv/m/n/10 References [], [], [], and
 []

[117]
Underfull \hbox (badness 3118) in paragraph at lines 370--371
[]\T1/phv/m/n/10 References [], [], [], [], [],
 []

[118]
Underfull \hbox (badness 6493) in paragraph at lines 412--413
[]\T1/phv/m/n/10 , [], [], [],
 []

[119] [120] [121]) (./classel_1_1LoggerRegistrationCallback.tex <./classel_1_1L
oggerRegistrationCallback.pdf>
<classel_1_1LoggerRegistrationCallback.pdf, id=11711, 501.875pt x 310.4398pt>
File: classel_1_1LoggerRegistrationCallback.pdf Graphic file (type pdf)
<use classel_1_1LoggerRegistrationCallback.pdf>
Package pdftex.def Info: classel_1_1LoggerRegistrationCallback.pdf  used on inp
ut line 10.
(pdftex.def)             Requested size: 137.98924pt x 85.35826pt.
 [122]) (./classel_1_1Loggers.tex [123] <./classel_1_1Loggers.pdf>
<classel_1_1Loggers.pdf, id=11759, 501.875pt x 306.48502pt>
File: classel_1_1Loggers.pdf Graphic file (type pdf)
<use classel_1_1Loggers.pdf>
Package pdftex.def Info: classel_1_1Loggers.pdf  used on input line 15.
(pdftex.def)             Requested size: 93.18236pt x 56.9055pt.
 [124]
Underfull \hbox (badness 1721) in paragraph at lines 54--55
[]\T1/phv/m/n/10 static void [] (const [] &con-fig-u-ra-tions, bool reconfigure
[]Existing[]
 []

[125]
Underfull \hbox (badness 10000) detected at line 142
[][][]
 []


Underfull \hbox (badness 3417) in paragraph at lines 169--170
[]\T1/phv/m/n/10 References [], [], [], [], [],
 []


Overfull \hbox (55.49031pt too wide) in paragraph at lines 169--170
[]\T1/phv/m/n/10 , [], [],
 []

[126] [127] [128] [129] [130] [131]) (./classel_1_1LogMessage.tex [132]
[133] [134]) (./classel_1_1base_1_1MessageBuilder.tex [135] [136]
Underfull \hbox (badness 10000) in paragraph at lines 99--100
[]\T1/phv/m/n/10 References [], [], [], [], [], and
 []

[137]) (./classel_1_1base_1_1NoCopy.tex <./classel_1_1base_1_1NoCopy.pdf>
<classel_1_1base_1_1NoCopy.pdf, id=12274, 501.875pt x 282.30469pt>
File: classel_1_1base_1_1NoCopy.pdf Graphic file (type pdf)
<use classel_1_1base_1_1NoCopy.pdf>
Package pdftex.def Info: classel_1_1base_1_1NoCopy.pdf  used on input line 15.
(pdftex.def)             Requested size: 398.34544pt x 224.06544pt.

[138]) (./classel_1_1base_1_1threading_1_1internal_1_1NoMutex.tex <./classel_1_
1base_1_1threading_1_1internal_1_1NoMutex.pdf>
<classel_1_1base_1_1threading_1_1internal_1_1NoMutex.pdf, id=12301, 501.875pt x
 177.65372pt>
File: classel_1_1base_1_1threading_1_1internal_1_1NoMutex.pdf Graphic file (typ
e pdf)
<use classel_1_1base_1_1threading_1_1internal_1_1NoMutex.pdf>
Package pdftex.def Info: classel_1_1base_1_1threading_1_1internal_1_1NoMutex.pd
f  used on input line 11.
(pdftex.def)             Requested size: 160.75644pt x 56.9055pt.
 [139])
(./classel_1_1base_1_1threading_1_1internal_1_1NoScopedLock.tex [140] <./classe
l_1_1base_1_1threading_1_1internal_1_1NoScopedLock.pdf>
<classel_1_1base_1_1threading_1_1internal_1_1NoScopedLock.pdf, id=12349, 501.87
5pt x 125.46875pt>
File: classel_1_1base_1_1threading_1_1internal_1_1NoScopedLock.pdf Graphic file
 (type pdf)
<use classel_1_1base_1_1threading_1_1internal_1_1NoScopedLock.pdf>
Package pdftex.def Info: classel_1_1base_1_1threading_1_1internal_1_1NoScopedLo
ck.pdf  used on input line 11.
(pdftex.def)             Requested size: 227.62596pt x 56.9055pt.
 [141])
(./classel_1_1base_1_1NullWriter.tex <./classel_1_1base_1_1NullWriter.pdf>
<classel_1_1base_1_1NullWriter.pdf, id=12394, 501.875pt x 321.2pt>
File: classel_1_1base_1_1NullWriter.pdf Graphic file (type pdf)
<use classel_1_1base_1_1NullWriter.pdf>
Package pdftex.def Info: classel_1_1base_1_1NullWriter.pdf  used on input line 
11.
(pdftex.def)             Requested size: 88.90921pt x 56.9055pt.

[142]) (./classel_1_1base_1_1utils_1_1OS.tex <./classel_1_1base_1_1utils_1_1OS.
pdf>
<classel_1_1base_1_1utils_1_1OS.pdf, id=12434, 501.875pt x 306.48502pt>
File: classel_1_1base_1_1utils_1_1OS.pdf Graphic file (type pdf)
<use classel_1_1base_1_1utils_1_1OS.pdf>
Package pdftex.def Info: classel_1_1base_1_1utils_1_1OS.pdf  used on input line
 11.
(pdftex.def)             Requested size: 93.18236pt x 56.9055pt.
 [143] [144]
Underfull \hbox (badness 10000) detected at line 88
[][][]
 []

[145]) (./classel_1_1Configurations_1_1Parser.tex <./classel_1_1Configurations_
1_1Parser.pdf>
<classel_1_1Configurations_1_1Parser.pdf, id=12545, 501.875pt x 247.83592pt>
File: classel_1_1Configurations_1_1Parser.pdf Graphic file (type pdf)
<use classel_1_1Configurations_1_1Parser.pdf>
Package pdftex.def Info: classel_1_1Configurations_1_1Parser.pdf  used on input
 line 15.
(pdftex.def)             Requested size: 115.2297pt x 56.9055pt.

Underfull \hbox (badness 820) in paragraph at lines 21--22
[][] [] [] \T1/phv/m/n/10 ([] std[]::string &[], [] $\OMS/cmsy/m/n/10 ^^C$[]\T1
/phv/m/n/10 , []
 []

[146]
Overfull \hbox (165.36201pt too wide) in paragraph at lines 67--68
[]\T1/phv/m/n/10 References [], and []. 
 []

[147]
Underfull \hbox (badness 10000) detected at line 130
[][][]
 []


Overfull \hbox (249.163pt too wide) in paragraph at lines 139--140
[]\T1/phv/m/n/10 References [], [], [], [],
 []


Underfull \hbox (badness 10000) detected at line 160
[][][]
 []


Overfull \hbox (47.7254pt too wide) in paragraph at lines 169--170
[]\T1/phv/m/n/10 References [], [],
 []

[148]
Overfull \hbox (48.35454pt too wide) in paragraph at lines 183--184
[]\T1/phv/m/n/10 , [],
 []

) (./classel_1_1PerformanceTrackingCallback.tex <./classel_1_1PerformanceTracki
ngCallback.pdf>
<classel_1_1PerformanceTrackingCallback.pdf, id=12707, 501.875pt x 234.33548pt>

File: classel_1_1PerformanceTrackingCallback.pdf Graphic file (type pdf)
<use classel_1_1PerformanceTrackingCallback.pdf>
Package pdftex.def Info: classel_1_1PerformanceTrackingCallback.pdf  used on in
put line 10.
(pdftex.def)             Requested size: 182.81143pt x 85.35826pt.
 [149]) (./classel_1_1base_1_1PErrorWriter.tex <./classel_1_1base_1_1PErrorWrit
er.pdf>
<classel_1_1base_1_1PErrorWriter.pdf, id=12745, 501.875pt x 427.12573pt>
File: classel_1_1base_1_1PErrorWriter.pdf Graphic file (type pdf)
<use classel_1_1base_1_1PErrorWriter.pdf>
Package pdftex.def Info: classel_1_1base_1_1PErrorWriter.pdf  used on input lin
e 6.
(pdftex.def)             Requested size: 100.29663pt x 85.35826pt.
 [150] [151])
(./classel_1_1base_1_1HitCounter_1_1Predicate.tex [152])
(./classel_1_1Configuration_1_1Predicate.tex [153])
(./classel_1_1base_1_1RegisteredHitCounters.tex [154] <./classel_1_1base_1_1Reg
isteredHitCounters.pdf>
<classel_1_1base_1_1RegisteredHitCounters.pdf, id=12960, 501.875pt x 159.64644p
t>
File: classel_1_1base_1_1RegisteredHitCounters.pdf Graphic file (type pdf)
<use classel_1_1base_1_1RegisteredHitCounters.pdf>
Package pdftex.def Info: classel_1_1base_1_1RegisteredHitCounters.pdf  used on 
input line 11.
(pdftex.def)             Requested size: 357.78876pt x 113.81102pt.
 [155] [156]
Underfull \hbox (badness 10000) detected at line 150
[][][]
 []


Overfull \hbox (106.55647pt too wide) in paragraph at lines 159--160
[]\T1/phv/m/n/10 References [], [],
 []


Overfull \hbox (370.78561pt too wide) in paragraph at lines 159--160
[]\T1/phv/m/n/10 , and []. 
 []


Underfull \hbox (badness 10000) detected at line 171
[][][]
 []


Overfull \hbox (106.55647pt too wide) in paragraph at lines 180--181
[]\T1/phv/m/n/10 References [], [],
 []


Overfull \hbox (370.78561pt too wide) in paragraph at lines 180--181
[]\T1/phv/m/n/10 , and []. 
 []

[157]
Underfull \hbox (badness 10000) detected at line 192
[][][]
 []


Overfull \hbox (106.55647pt too wide) in paragraph at lines 201--202
[]\T1/phv/m/n/10 References [], [],
 []


Overfull \hbox (370.78561pt too wide) in paragraph at lines 201--202
[]\T1/phv/m/n/10 , and []. 
 []

) (./classel_1_1base_1_1RegisteredLoggers.tex <./classel_1_1base_1_1RegisteredL
oggers.pdf>
<classel_1_1base_1_1RegisteredLoggers.pdf, id=13222, 501.875pt x 156.83594pt>
File: classel_1_1base_1_1RegisteredLoggers.pdf Graphic file (type pdf)
<use classel_1_1base_1_1RegisteredLoggers.pdf>
Package pdftex.def Info: classel_1_1base_1_1RegisteredLoggers.pdf  used on inpu
t line 11.
(pdftex.def)             Requested size: 364.20615pt x 113.81102pt.
 [158] [159] [160]
Underfull \hbox (badness 10000) in paragraph at lines 226--227
[]\T1/phv/m/n/10 References [], [], [],
 []


Underfull \hbox (badness 1152) in paragraph at lines 226--227
[]\T1/phv/m/n/10 , [], [], [], and
 []

[161] [162] [163]
Underfull \hbox (badness 10000) in paragraph at lines 393--394
[] \T1/pcr/m/n/8 el[]::base[]::[]Registered[]Loggers[]::m[]_[]log[]Streams[]Ref
erence = nullptr
 []

) (./classel_1_1base_1_1utils_1_1Registry.tex <./classel_1_1base_1_1utils_1_1Re
gistry.pdf>
<classel_1_1base_1_1utils_1_1Registry.pdf, id=13582, 501.875pt x 117.62947pt>
File: classel_1_1base_1_1utils_1_1Registry.pdf Graphic file (type pdf)
<use classel_1_1base_1_1utils_1_1Registry.pdf>
Package pdftex.def Info: classel_1_1base_1_1utils_1_1Registry.pdf  used on inpu
t line 11.
(pdftex.def)             Requested size: 364.19849pt x 85.35826pt.
 [164] [165]
Underfull \hbox (badness 10000) in paragraph at lines 127--129
[] []$\OML/cmm/m/it/8 <$[]\T1/pcr/m/n/8 ,[]$\OML/cmm/m/it/8 >$[]\T1/pcr/m/n/8 :
:const[]_[]iterator []$\OML/cmm/m/it/8 <$ []\T1/pcr/m/n/8 , [] $\OML/cmm/m/it/8
 >$[]
 []

[166]
Underfull \hbox (badness 10000) in paragraph at lines 192--194
|  [] []$\OML/cmm/m/it/8 <$ []\T1/pcr/m/n/8 , std[]::unordered[]_[]map$\OML/cmm
/m/it/8 <$ []\T1/pcr/m/n/8 , [] $\OMS/cmsy/m/n/8 ^^C$ $\OML/cmm/m/it/8 >$ $>$ \
T1/pcr/m/n/8 & \T1/pcr/m/sl/8 sr \T1/pcr/m/n/8 )
 []


Overfull \hbox (104.08548pt too wide) in paragraph at lines 201--202
[]\T1/phv/m/n/10 References [], and []. 
 []

[167]
Underfull \hbox (badness 10000) detected at line 233
[][][]
 []

[168]) (./classel_1_1base_1_1utils_1_1RegistryWithPred.tex <./classel_1_1base_1
_1utils_1_1RegistryWithPred.pdf>
<classel_1_1base_1_1utils_1_1RegistryWithPred.pdf, id=13947, 501.875pt x 159.74
681pt>
File: classel_1_1base_1_1utils_1_1RegistryWithPred.pdf Graphic file (type pdf)
<use classel_1_1base_1_1utils_1_1RegistryWithPred.pdf>
Package pdftex.def Info: classel_1_1base_1_1utils_1_1RegistryWithPred.pdf  used
 on input line 11.
(pdftex.def)             Requested size: 268.175pt x 85.35826pt.
 [169] [170]
Underfull \hbox (badness 10000) in paragraph at lines 141--143
[] []$\OML/cmm/m/it/8 <$[]\T1/pcr/m/n/8 ,[]$\OML/cmm/m/it/8 >$[]\T1/pcr/m/n/8 :
:iterator []$\OML/cmm/m/it/8 <$ []\T1/pcr/m/n/8 , []
 []

[171]
Overfull \hbox (15.29242pt too wide) in paragraph at lines 195--197
|  [] []$\OML/cmm/m/it/8 <$ []\T1/pcr/m/n/8 , std[]::vector$\OML/cmm/m/it/8 <$ 
[] $\OMS/cmsy/m/n/8 ^^C$ $\OML/cmm/m/it/8 >$ $>$ \T1/pcr/m/n/8 & \T1/pcr/m/sl/8
 sr \T1/pcr/m/n/8 ) [inline], [private],
 []


Overfull \hbox (78.16585pt too wide) in paragraph at lines 208--209
[]\T1/phv/m/n/10 References [], [],
 []

[172]
Underfull \hbox (badness 10000) detected at line 237
[][][]
 []

[173]) (./classel_1_1Loggers_1_1ScopedAddFlag.tex [174])
(./classel_1_1Loggers_1_1ScopedRemoveFlag.tex [175])
(./classel_1_1base_1_1StaticClass.tex <./classel_1_1base_1_1StaticClass.pdf>
<classel_1_1base_1_1StaticClass.pdf, id=14395, 501.875pt x 620.29741pt>
File: classel_1_1base_1_1StaticClass.pdf Graphic file (type pdf)
<use classel_1_1base_1_1StaticClass.pdf>
Package pdftex.def Info: classel_1_1base_1_1StaticClass.pdf  used on input line
 15.
(pdftex.def)             Requested size: 253.23427pt x 312.9803pt.

[176]) (./classel_1_1base_1_1Storage.tex <./classel_1_1base_1_1Storage.pdf>
<classel_1_1base_1_1Storage.pdf, id=14420, 501.875pt x 103.47658pt>
File: classel_1_1base_1_1Storage.pdf Graphic file (type pdf)
<use classel_1_1base_1_1Storage.pdf>
Package pdftex.def Info: classel_1_1base_1_1Storage.pdf  used on input line 11.

(pdftex.def)             Requested size: 276.00146pt x 56.9055pt.

[177] [178]
Overfull \hbox (26.73734pt too wide) in paragraph at lines 111--113
[]\T1/phv/m/n/10 std[]::unordered[]_[]map$\OML/cmm/m/it/10 <$ \T1/phv/m/n/10 st
d[]::string, [] $\OML/cmm/m/it/10 >$ [] 
 []


Underfull \hbox (badness 10000) in paragraph at lines 170--171
[]\T1/phv/m/n/10 References [], [], [],
 []


Underfull \hbox (badness 7379) in paragraph at lines 184--185
[]\T1/phv/m/n/10 References [], [], [], [], and
 []

[179] [180]
Overfull \hbox (18.68227pt too wide) in paragraph at lines 295--296
[]\T1/phv/m/n/10 References [], [], [],
 []

[181]
Overfull \hbox (68.9671pt too wide) in paragraph at lines 361--362
[]\T1/phv/m/n/10 References [], [], [],
 []


Overfull \hbox (38.30957pt too wide) in paragraph at lines 361--362
[]\T1/phv/m/n/10 , [], [],
 []


Underfull \hbox (badness 5878) in paragraph at lines 361--362
[]\T1/phv/m/n/10 , [], [], [], [],
 []


Overfull \hbox (91.99333pt too wide) in paragraph at lines 361--362
[]\T1/phv/m/n/10 , [], [],
 []

[182] [183] [184] [185]
Underfull \hbox (badness 10000) in paragraph at lines 612--613
\T1/pcr/m/n/8 std[]::unordered[]_[]map$\OML/cmm/m/it/8 <$\T1/pcr/m/n/8 std[]::s
tring, []$\OML/cmm/m/it/8 >$ \T1/pcr/m/n/8 el[]::base[]::[]Storage[]::m[]_[]log
[]
 []

[186]) (./classel_1_1base_1_1utils_1_1Str.tex <./classel_1_1base_1_1utils_1_1St
r.pdf>
<classel_1_1base_1_1utils_1_1Str.pdf, id=14859, 501.875pt x 306.48502pt>
File: classel_1_1base_1_1utils_1_1Str.pdf Graphic file (type pdf)
<use classel_1_1base_1_1utils_1_1Str.pdf>
Package pdftex.def Info: classel_1_1base_1_1utils_1_1Str.pdf  used on input lin
e 11.
(pdftex.def)             Requested size: 93.18236pt x 56.9055pt.
 [187]
Underfull \hbox (badness 2951) in paragraph at lines 45--47
[][] [] $\OMS/cmsy/m/n/10 ^^C$ [] \T1/phv/m/n/10 (std[]::size[]_[]t [], [] [], 
[] $\OMS/cmsy/m/n/10 ^^C$[]\T1/phv/m/n/10 , [] [] $\OMS/cmsy/m/n/10 ^^C$[]\T1/p
hv/m/n/10 , []
 []

[188] [189]
Underfull \hbox (badness 10000) detected at line 160
[][][]
 []


Overfull \hbox (95.08554pt too wide) in paragraph at lines 193--194
[]\T1/phv/m/n/10 References [], and []. 
 []


Underfull \hbox (badness 10000) detected at line 214
[][][]
 []


Overfull \hbox (95.08554pt too wide) in paragraph at lines 223--224
[]\T1/phv/m/n/10 References [], and []. 
 []

[190]
Underfull \hbox (badness 10000) detected at line 244
[][][]
 []

[191]
Underfull \hbox (badness 10000) detected at line 296
[][][]
 []


Underfull \hbox (badness 10000) detected at line 318
[][][]
 []


Overfull \hbox (95.08554pt too wide) in paragraph at lines 327--328
[]\T1/phv/m/n/10 References [], and []. 
 []

[192]) (./structel_1_1StringToLevelItem.tex)
(./classel_1_1base_1_1SubsecondPrecision.tex [193] [194])
(./classel_1_1SysLogInitializer.tex [195])
(./classel_1_1base_1_1threading_1_1ThreadSafe.tex <./classel_1_1base_1_1threadi
ng_1_1ThreadSafe.pdf>
<classel_1_1base_1_1threading_1_1ThreadSafe.pdf, id=15253, 501.875pt x 294.0686
3pt>
File: classel_1_1base_1_1threading_1_1ThreadSafe.pdf Graphic file (type pdf)
<use classel_1_1base_1_1threading_1_1ThreadSafe.pdf>
Package pdftex.def Info: classel_1_1base_1_1threading_1_1ThreadSafe.pdf  used o
n input line 11.
(pdftex.def)             Requested size: 398.33778pt x 233.4015pt.
 [196] [197])
(./classel_1_1base_1_1TypedConfigurations.tex <./classel_1_1base_1_1TypedConfig
urations.pdf>
<classel_1_1base_1_1TypedConfigurations.pdf, id=15309, 501.875pt x 206.96321pt>

File: classel_1_1base_1_1TypedConfigurations.pdf Graphic file (type pdf)
<use classel_1_1base_1_1TypedConfigurations.pdf>
Package pdftex.def Info: classel_1_1base_1_1TypedConfigurations.pdf  used on in
put line 11.
(pdftex.def)             Requested size: 137.98924pt x 56.9055pt.
 [198] [199] [200] [201]
Overfull \hbox (55.55692pt too wide) in paragraph at lines 207--208
[]\T1/phv/m/n/10 References [], [], [],
 []


Underfull \hbox (badness 5756) in paragraph at lines 207--208
[]\T1/phv/m/n/10 , [], [],
 []


Overfull \hbox (36.85811pt too wide) in paragraph at lines 207--208
[]\T1/phv/m/n/10 , [], [], [], [], [], [],
 []


Overfull \hbox (18.4876pt too wide) in paragraph at lines 207--208
[]\T1/phv/m/n/10 , [], [], [], [],
 []


Overfull \hbox (16.55287pt too wide) in paragraph at lines 207--208
[]\T1/phv/m/n/10 , [], [], [], [], [],
 []

[202] [203]
Underfull \hbox (badness 10000) in paragraph at lines 309--310
[]\T1/phv/m/n/10 References [], [], [],
 []

[204]
Overfull \hbox (27.7623pt too wide) in paragraph at lines 393--394
[]\T1/phv/m/n/10 References [], [], [],
 []


Overfull \hbox (60.02611pt too wide) in paragraph at lines 393--394
[]\T1/phv/m/n/10 , [], and []. 
 []

[205]
Underfull \hbox (badness 10000) in paragraph at lines 490--491
[]\T1/phv/m/n/10 References [], [], [],
 []


Underfull \hbox (badness 862) in paragraph at lines 490--491
[]\T1/phv/m/n/10 , [], [], [], [], and
 []

[206]
Underfull \hbox (badness 10000) in paragraph at lines 592--593
\T1/pcr/m/n/8 std[]::unordered[]_[]map$\OML/cmm/m/it/8 <$[]\T1/pcr/m/n/8 , []$\
OML/cmm/m/it/8 >$ \T1/pcr/m/n/8 el[]::base[]::[]Typed[]Configurations[]::m[]_[]
file[]Stream[]Map
 []

[207]
Underfull \hbox (badness 10000) in paragraph at lines 602--603
\T1/pcr/m/n/8 std[]::unordered[]_[]map$\OML/cmm/m/it/8 <$[]\T1/pcr/m/n/8 , std[
]::size[]_[]t$\OML/cmm/m/it/8 >$ \T1/pcr/m/n/8 el[]::base[]::[]Typed[]Configura
tions[]::m[]_[]log[]Flush[]Threshold[]Map
 []


Underfull \hbox (badness 10000) in paragraph at lines 612--613
\T1/pcr/m/n/8 std[]::unordered[]_[]map$\OML/cmm/m/it/8 <$[]\T1/pcr/m/n/8 , []$\
OML/cmm/m/it/8 >$ \T1/pcr/m/n/8 el[]::base[]::[]Typed[]Configurations[]::m[]_[]
log[]Format[]Map
 []


Overfull \hbox (18.89209pt too wide) in paragraph at lines 622--623
[] \T1/pcr/m/n/8 el[]::base[]::[]Typed[]Configurations[]::m[]_[]log[]Streams[]R
eference = nullptr [private] 
 []


Underfull \hbox (badness 10000) in paragraph at lines 632--633
\T1/pcr/m/n/8 std[]::unordered[]_[]map$\OML/cmm/m/it/8 <$[]\T1/pcr/m/n/8 , std[
]::size[]_[]t$\OML/cmm/m/it/8 >$ \T1/pcr/m/n/8 el[]::base[]::[]Typed[]Configura
tions[]::m[]_[]max[]Log[]File[]Size[]Map
 []


Overfull \hbox (17.7145pt too wide) in paragraph at lines 642--643
\T1/pcr/m/n/8 std[]::unordered[]_[]map$\OML/cmm/m/it/8 <$[]\T1/pcr/m/n/8 , bool
$\OML/cmm/m/it/8 >$ \T1/pcr/m/n/8 el[]::base[]::[]Typed[]Configurations[]::m[]_
[]performance[]Tracking[]Map [private] 
 []

[208]) (./classel_1_1base_1_1utils_1_1Utils.tex
Overfull \hbox (69.66096pt too wide) in paragraph at lines 35--36
[]\T1/phv/m/n/10 References [], and []. 
 []

[209]) (./classel_1_1VersionInfo.tex <./classel_1_1VersionInfo.pdf>
<classel_1_1VersionInfo.pdf, id=15882, 501.875pt x 306.48502pt>
File: classel_1_1VersionInfo.pdf Graphic file (type pdf)
<use classel_1_1VersionInfo.pdf>
Package pdftex.def Info: classel_1_1VersionInfo.pdf  used on input line 10.
(pdftex.def)             Requested size: 93.18236pt x 56.9055pt.
 [210])
(./classel_1_1base_1_1VRegistry.tex <./classel_1_1base_1_1VRegistry.pdf>
<classel_1_1base_1_1VRegistry.pdf, id=15906, 501.875pt x 103.47658pt>
File: classel_1_1base_1_1VRegistry.pdf Graphic file (type pdf)
<use classel_1_1base_1_1VRegistry.pdf>
Package pdftex.def Info: classel_1_1base_1_1VRegistry.pdf  used on input line 1
1.
(pdftex.def)             Requested size: 276.00146pt x 56.9055pt.

[211] [212]
Underfull \hbox (badness 10000) in paragraph at lines 101--102
[]\T1/phv/m/n/10 , [], [], [],
 []


Underfull \hbox (badness 10000) in paragraph at lines 127--128
\T1/pcr/m/n/8 const std[]::unordered[]_[]map$\OML/cmm/m/it/8 <$ \T1/pcr/m/n/8 s
td[]::string, [] $\OML/cmm/m/it/8 >$ \T1/pcr/m/n/8 & el[]::base[]::[]VRegistry[
]
 []


Underfull \hbox (badness 857) in paragraph at lines 145--146
[]\T1/phv/m/n/10 References [], [],
 []


Underfull \hbox (badness 10000) in paragraph at lines 145--146
[]\T1/phv/m/n/10 , [], [],
 []

[213]
Underfull \hbox (badness 5231) in paragraph at lines 177--178
[]\T1/phv/m/n/10 References [], [], [], [],
 []


Underfull \hbox (badness 10000) in paragraph at lines 210--211
\T1/pcr/m/n/8 std[]::unordered[]_[]map$\OML/cmm/m/it/8 <$\T1/pcr/m/n/8 std[]::s
tring, []$\OML/cmm/m/it/8 >$ \T1/pcr/m/n/8 el[]::base[]::[]VRegistry[]::m[]_[]m
odules
 []

[214]) (./classel_1_1base_1_1Writer.tex <./classel_1_1base_1_1Writer.pdf>
<classel_1_1base_1_1Writer.pdf, id=16071, 501.875pt x 427.12573pt>
File: classel_1_1base_1_1Writer.pdf Graphic file (type pdf)
<use classel_1_1base_1_1Writer.pdf>
Package pdftex.def Info: classel_1_1base_1_1Writer.pdf  used on input line 11.
(pdftex.def)             Requested size: 100.29663pt x 85.35826pt.

[215] [216]
Overfull \hbox (63.00679pt too wide) in paragraph at lines 165--166
[]\T1/phv/m/n/10 References [], [], [], [],
 []

[217]
Overfull \hbox (28.87904pt too wide) in paragraph at lines 224--225
[]\T1/phv/m/n/10 References [], [], [], [],
 []


Underfull \hbox (badness 7133) in paragraph at lines 224--225
[]\T1/phv/m/n/10 , [], [], [], [], [],
 []

[218] [219]) [220]
Chapter 9.
(./easylogging_09_09_8cc.tex
Underfull \hbox (badness 10000) in paragraph at lines 3--4

 []

[221

]
Overfull \hbox (32.55905pt too wide) in paragraph at lines 77--79
[]\T1/phv/m/n/10 static const [] $\OMS/cmsy/m/n/10 ^^C$ [] \T1/phv/m/n/10 = [](
"%levshort") 
 []

[222]) (./easylogging_09_09_8cc_source.tex [223] [224] [225] [226] [227]
[228] [229] [230] [231] [232] [233] [234] [235] [236] [237] [238] [239]
[240] [241] [242] [243] [244] [245] [246] [247] [248]
Overfull \hbox (27.75554pt too wide) in paragraph at lines 2186--2186
[]\T1/pcr/m/n/7 .find(data->[]()->[]()->[]()->[](data->[]()->[]()));  
 []

[249] [250] [251] [252] [253] [254] [255] [256] [257] [258] [259])
(./easylogging_09_09_8h.tex
Underfull \hbox (badness 10000) in paragraph at lines 3--23

 []

[260] [261] [262] [263]
Underfull \hbox (badness 5460) in paragraph at lines 294--296
[]\T1/phv/m/n/10 #define [](writer, level, dispatch[]Action, ...) writer(level,
 []_[][]_[][]FILE[]_[][]_[], []_[][]_[][]LINE[]_[][]_[]
 []


Underfull \hbox (badness 10000) in paragraph at lines 322--324
[]\T1/phv/m/n/10 #define [](obj) obj-$\OML/cmm/m/it/10 >$\T1/phv/m/n/10 checkpo
int(std[]::string(), []_[][]_[][]FILE[]_[][]_[], []_[][]_[][]LINE[]_[][]_[]
 []


Underfull \hbox (badness 1968) in paragraph at lines 344--346
[]\T1/phv/m/n/10 #define [](writer, condition[]_[], dispatch[]Action, ...) [](w
riter, (condition[]_[]
 []

[264]
Underfull \hbox (badness 1303) in paragraph at lines 352--354
[]\T1/phv/m/n/10 #define [](writer, condition[]_[], dispatch[]Action, ...) [](w
riter, (condition[]_[]
 []


Underfull \hbox (badness 7326) in paragraph at lines 372--374
[]\T1/phv/m/n/10 #define [](writer, n, dispatch[]Action, ...) [](writer, n,
 []


Underfull \hbox (badness 958) in paragraph at lines 374--376
[]\T1/phv/m/n/10 #define [](writer, n, dispatch[]Action, ...) [](writer, n,
 []


Underfull \hbox (badness 3240) in paragraph at lines 376--378
[]\T1/phv/m/n/10 #define [](writer, n, dispatch[]Action, ...) [](writer, n,
 []


Underfull \hbox (badness 3118) in paragraph at lines 378--380
[]\T1/phv/m/n/10 #define [](writer, n, dispatch[]Action, ...) [](writer, n,
 []


Underfull \hbox (badness 5652) in paragraph at lines 380--382
[]\T1/phv/m/n/10 #define [](writer, n, dispatch[]Action, ...) [](writer, n,
 []


Underfull \hbox (badness 3758) in paragraph at lines 382--384
[]\T1/phv/m/n/10 #define [](writer, n, dispatch[]Action, ...) [](writer, n,
 []


Underfull \hbox (badness 3354) in paragraph at lines 384--386
[]\T1/phv/m/n/10 #define [](writer, n, vlevel, dispatch[]Action, ...) [](writer
, []-
 []


Underfull \hbox (badness 10000) in paragraph at lines 386--388
[]\T1/phv/m/n/10 #define [](writer, n, dispatch[]Action, ...) [](writer, n,
 []


Underfull \hbox (badness 1571) in paragraph at lines 388--390
[]\T1/phv/m/n/10 #define [](writer, n, dispatch[]Action, ...) [](writer, n,
 []


Underfull \hbox (badness 4543) in paragraph at lines 390--392
[]\T1/phv/m/n/10 #define [](writer, n, dispatch[]Action, ...) [](writer, n,
 []


Underfull \hbox (badness 4403) in paragraph at lines 392--394
[]\T1/phv/m/n/10 #define [](writer, n, dispatch[]Action, ...) [](writer, n,
 []


Underfull \hbox (badness 7504) in paragraph at lines 394--396
[]\T1/phv/m/n/10 #define [](writer, n, dispatch[]Action, ...) [](writer, n,
 []


Underfull \hbox (badness 5189) in paragraph at lines 396--398
[]\T1/phv/m/n/10 #define [](writer, n, dispatch[]Action, ...) [](writer, n,
 []


Underfull \hbox (badness 3884) in paragraph at lines 398--400
[]\T1/phv/m/n/10 #define [](writer, n, vlevel, dispatch[]Action, ...) [](writer
, []-
 []

[265]
Overfull \hbox (52.6103pt too wide) in paragraph at lines 404--406
[]\T1/phv/m/n/10 #define [](condition, LEVEL, ...) C##LEVEL##[]_[][]IF([], con-
di-tion, [],
 []


Overfull \hbox (75.74371pt too wide) in paragraph at lines 406--408
[]\T1/phv/m/n/10 #define [](condition, vlevel, ...) []([], con-di-tion, vlevel,
 [],
 []


Overfull \hbox (57.70439pt too wide) in paragraph at lines 408--410
[]\T1/phv/m/n/10 #define [](n, LEVEL, ...) C##LEVEL##[]_[][]EVERY[]_[]N([], n, 
[],
 []


Overfull \hbox (80.8378pt too wide) in paragraph at lines 410--412
[]\T1/phv/m/n/10 #define [](n, vlevel, ...) []([], n, vlevel, [],
 []


Overfull \hbox (56.58867pt too wide) in paragraph at lines 412--414
[]\T1/phv/m/n/10 #define [](n, LEVEL, ...) C##LEVEL##[]_[][]AFTER[]_[]N([], n, 
[],
 []


Overfull \hbox (79.72208pt too wide) in paragraph at lines 414--416
[]\T1/phv/m/n/10 #define [](n, vlevel, ...) []([], n, vlevel, [],
 []


Overfull \hbox (52.59251pt too wide) in paragraph at lines 416--418
[]\T1/phv/m/n/10 #define [](n, LEVEL, ...) C##LEVEL##[]_[][]N[]_[][]TIMES([], n
, [],
 []


Overfull \hbox (75.72592pt too wide) in paragraph at lines 418--420
[]\T1/phv/m/n/10 #define [](n, vlevel, ...) []([], n, vlevel, [],
 []


Overfull \hbox (84.61366pt too wide) in paragraph at lines 446--448
[]\T1/phv/m/n/10 #define [](condition, LEVEL, ...) C##LEVEL##[]_[][]IF([], con-
di-tion, [],
 []


Overfull \hbox (72.25351pt too wide) in paragraph at lines 448--450
[]\T1/phv/m/n/10 #define [](LEVEL, ...) if ([]) C##LEVEL([], [],
 []

[266] [267]
Overfull \hbox (15.32037pt too wide) in paragraph at lines 576--578
[]\T1/phv/m/n/10 #define [](val, min, max) [](val, min, max, []) 
 []


Overfull \hbox (28.31622pt too wide) in paragraph at lines 640--642
[]\T1/phv/m/n/10 #define [](val, min, max) [](val, min, max, []) 
 []


Overfull \hbox (27.73633pt too wide) in paragraph at lines 648--650
[]\T1/phv/m/n/10 #define [](str1, str2) [](str1, str2, []) 
 []


Overfull \hbox (26.72845pt too wide) in paragraph at lines 650--652
[]\T1/phv/m/n/10 #define [](str1, str2) [](str1, str2, []) 
 []


Overfull \hbox (36.71161pt too wide) in paragraph at lines 660--662
[]\T1/phv/m/n/10 #define [] [](new []([](new
 []

[268]
Underfull \hbox (badness 2512) in paragraph at lines 732--747
[] \T1/phv/m/n/10 = 16 , [] = 32 , [] = Subsecond[]Precision ,
 []


Overfull \hbox (22.74928pt too wide) in paragraph at lines 748--769
[] \T1/phv/m/n/10 = 16 , [] = 32 , [] = 64 , []
 []


Overfull \hbox (57.99197pt too wide) in paragraph at lines 748--769
[] \T1/phv/m/n/10 = 256 , [] = 512 , []
 []


Underfull \hbox (badness 2334) in paragraph at lines 748--769
[] \T1/phv/m/n/10 = 4096 , [] = 8192 , [] = 16384 ,
 []

[269] [270]
Overfull \hbox (21.70647pt too wide) in paragraph at lines 883--884
|   \T1/pcr/m/sl/8 ... \T1/pcr/m/n/8 ) [](!(condition), FATAL, []_[][]_[][]VA[]
_[][]ARGS[]_[][]_[]) $\OML/cmm/m/it/8 <$$<$ \T1/pcr/m/n/8 "Check failed[]: []" 
$\OML/cmm/m/it/8 <$$<$ \T1/pcr/m/n/8 #condition
 []

[271] [272]
Underfull \hbox (badness 10000) in paragraph at lines 1047--1048
|   \T1/pcr/m/sl/8 ... \T1/pcr/m/n/8 ) [](writer, n, [], dispatch[]Action, []_[
][]_[][]VA[]
 []

[273]
Underfull \hbox (badness 10000) in paragraph at lines 1057--1058
|   \T1/pcr/m/sl/8 ... \T1/pcr/m/n/8 ) [](writer, occasion, [], dispatch[]
 []


Underfull \hbox (badness 10000) in paragraph at lines 1067--1068
|   \T1/pcr/m/sl/8 ... \T1/pcr/m/n/8 ) [](writer, (condition[]_[]), [], dispatc
h[]Action,
 []


Underfull \hbox (badness 10000) in paragraph at lines 1077--1078
|   \T1/pcr/m/sl/8 ... \T1/pcr/m/n/8 ) [](writer, n, [], dispatch[]Action, []_[
][]_[][]VA[]
 []

[274]
Underfull \hbox (badness 10000) in paragraph at lines 1097--1098
|   \T1/pcr/m/sl/8 ... \T1/pcr/m/n/8 ) [](writer, n, [], dispatch[]Action, []_[
][]_[][]VA[]
 []


Underfull \hbox (badness 10000) in paragraph at lines 1107--1108
|   \T1/pcr/m/sl/8 ... \T1/pcr/m/n/8 ) [](writer, occasion, [], dispatch[]
 []


Underfull \hbox (badness 10000) in paragraph at lines 1117--1118
|   \T1/pcr/m/sl/8 ... \T1/pcr/m/n/8 ) [](writer, (condition[]_[]), [], dispatc
h[]Action,
 []


Underfull \hbox (badness 10000) in paragraph at lines 1127--1128
|   \T1/pcr/m/sl/8 ... \T1/pcr/m/n/8 ) [](writer, n, [], dispatch[]Action, []_[
][]_[][]VA[]
 []

[275]
Underfull \hbox (badness 10000) in paragraph at lines 1147--1148
|   \T1/pcr/m/sl/8 ... \T1/pcr/m/n/8 ) [](writer, n, [], dispatch[]Action, []_[
][]_[][]VA[]
 []


Underfull \hbox (badness 10000) in paragraph at lines 1157--1158
|   \T1/pcr/m/sl/8 ... \T1/pcr/m/n/8 ) [](writer, occasion, [], dispatch[]
 []


Underfull \hbox (badness 10000) in paragraph at lines 1167--1168
|   \T1/pcr/m/sl/8 ... \T1/pcr/m/n/8 ) [](writer, (condition[]_[]), [], dispatc
h[]Action,
 []


Underfull \hbox (badness 10000) in paragraph at lines 1177--1178
|   \T1/pcr/m/sl/8 ... \T1/pcr/m/n/8 ) [](writer, n, [], dispatch[]Action, []_[
][]_[][]VA[]
 []

[276] [277] [278]
Underfull \hbox (badness 10000) in paragraph at lines 1327--1328
|   \T1/pcr/m/sl/8 ... \T1/pcr/m/n/8 ) [](writer, n, [], dispatch[]Action, []_[
][]_[][]VA[]_[][]
 []


Underfull \hbox (badness 10000) in paragraph at lines 1337--1338
|   \T1/pcr/m/sl/8 ... \T1/pcr/m/n/8 ) [](writer, occasion, [], dispatch[]Actio
n,
 []


Underfull \hbox (badness 10000) in paragraph at lines 1347--1348
|   \T1/pcr/m/sl/8 ... \T1/pcr/m/n/8 ) [](writer, (condition[]_[]), [], dispatc
h[]Action,
 []


Underfull \hbox (badness 10000) in paragraph at lines 1357--1358
|   \T1/pcr/m/sl/8 ... \T1/pcr/m/n/8 ) [](writer, n, [], dispatch[]Action, []_[
][]_[][]VA[]_[][]
 []


Underfull \hbox (badness 10000) in paragraph at lines 1367--1368
|   \T1/pcr/m/sl/8 ... \T1/pcr/m/n/8 ) C##LEVEL([], [], []_[][]_[][]VA[]_[][]
 []

[279]
Overfull \hbox (24.06166pt too wide) in paragraph at lines 1397--1398
|   \T1/pcr/m/sl/8 ... \T1/pcr/m/n/8 ) C##LEVEL##[]_[][]IF([], condition, [],
 []


Underfull \hbox (badness 10000) in paragraph at lines 1417--1418
|   \T1/pcr/m/sl/8 ... \T1/pcr/m/n/8 ) [](!(condition), FATAL, []_[][]_[][]VA[]
_[][]ARGS[]_[][]_[]) $\OML/cmm/m/it/8 <$$<$ \T1/pcr/m/n/8 "Check failed[]: []" 
$\OML/cmm/m/it/8 <$$<$
 []

[280]
Underfull \hbox (badness 10000) in paragraph at lines 1427--1428
|   \T1/pcr/m/sl/8 ... \T1/pcr/m/n/8 ) C##LEVEL([], [], []_[][]_[][]
 []


Overfull \hbox (52.86168pt too wide) in paragraph at lines 1437--1438
|   \T1/pcr/m/sl/8 ... \T1/pcr/m/n/8 ) C##LEVEL##[]_[][]IF([], condition, [],
 []

[281]
Underfull \hbox (badness 10000) in paragraph at lines 1507--1508
|   \T1/pcr/m/sl/8 ... \T1/pcr/m/n/8 ) [](writer, n, [], dispatch[]Action, []_[
][]_[][]VA[]
 []


Underfull \hbox (badness 10000) in paragraph at lines 1517--1518
|   \T1/pcr/m/sl/8 ... \T1/pcr/m/n/8 ) [](writer, occasion, [], dispatch[]
 []

[282]
Underfull \hbox (badness 10000) in paragraph at lines 1527--1528
|   \T1/pcr/m/sl/8 ... \T1/pcr/m/n/8 ) [](writer, (condition[]_[]), [], dispatc
h[]Action,
 []


Underfull \hbox (badness 10000) in paragraph at lines 1537--1538
|   \T1/pcr/m/sl/8 ... \T1/pcr/m/n/8 ) [](writer, n, [], dispatch[]Action, []_[
][]_[][]VA[]
 []


Underfull \hbox (badness 10000) in paragraph at lines 1563--1564
|   \T1/pcr/m/sl/8 ... \T1/pcr/m/n/8 ) [](writer, []-$\OML/cmm/m/it/8 >$\T1/pcr
/m/n/8 validate[]After[]NCounter([]_[][]_[][]FILE[]_[][]_[], []_[][]_[][]LINE[]
_[][]_[], n),
 []

[283]
Underfull \hbox (badness 10000) in paragraph at lines 1573--1574
|   \T1/pcr/m/sl/8 ... \T1/pcr/m/n/8 ) [](writer, []-$\OML/cmm/m/it/8 >$\T1/pcr
/m/n/8 validate[]Every[]NCounter([]_[][]_[][]FILE[]_[][]_[], []_[][]_[][]LINE[]
_[][]_[]
 []


Underfull \hbox (badness 10000) in paragraph at lines 1599--1600
|   \T1/pcr/m/sl/8 ... \T1/pcr/m/n/8 ) [](writer, []-$\OML/cmm/m/it/8 >$\T1/pcr
/m/n/8 validate[]NTimes[]Counter([]_[][]_[][]FILE[]_[][]_[], []_[][]_[][]LINE[]
_[][]_[], n),
 []


Underfull \hbox (badness 10000) in paragraph at lines 1609--1610
|   \T1/pcr/m/sl/8 ... \T1/pcr/m/n/8 ) []([], vlevel, [], []
 []


Overfull \hbox (38.46167pt too wide) in paragraph at lines 1619--1620
|   \T1/pcr/m/sl/8 ... \T1/pcr/m/n/8 ) []([], n, vlevel, [],
 []

[284]
Overfull \hbox (38.46167pt too wide) in paragraph at lines 1629--1630
|   \T1/pcr/m/sl/8 ... \T1/pcr/m/n/8 ) []([], n, vlevel, [],
 []


Overfull \hbox (52.86168pt too wide) in paragraph at lines 1639--1640
|   \T1/pcr/m/sl/8 ... \T1/pcr/m/n/8 ) []([], condition, vlevel, [],
 []


Overfull \hbox (38.46167pt too wide) in paragraph at lines 1649--1650
|   \T1/pcr/m/sl/8 ... \T1/pcr/m/n/8 ) []([], n, vlevel, [],
 []


Underfull \hbox (badness 10000) in paragraph at lines 1669--1670
|   \T1/pcr/m/sl/8 ... \T1/pcr/m/n/8 ) [](writer, n, [], dispatch[]Action, []_[
][]_[][]
 []

[285]
Underfull \hbox (badness 10000) in paragraph at lines 1679--1680
|   \T1/pcr/m/sl/8 ... \T1/pcr/m/n/8 ) [](writer, occasion, [], dispatch[]
 []


Underfull \hbox (badness 10000) in paragraph at lines 1689--1690
|   \T1/pcr/m/sl/8 ... \T1/pcr/m/n/8 ) [](writer, (condition[]_[]), [], dispatc
h[]
 []


Underfull \hbox (badness 10000) in paragraph at lines 1699--1700
|   \T1/pcr/m/sl/8 ... \T1/pcr/m/n/8 ) [](writer, n, [], dispatch[]Action, []_[
][]_[][]
 []

[286] [287] [288] [289] [290] [291]
Overfull \hbox (72.06169pt too wide) in paragraph at lines 2039--2040
|   \T1/pcr/m/sl/8 ... \T1/pcr/m/n/8 ) if ([]) C##LEVEL([], [],
 []


Underfull \hbox (badness 10000) in paragraph at lines 2049--2050
|   \T1/pcr/m/sl/8 ... \T1/pcr/m/n/8 ) C##LEVEL##[]_[][]IF([], ([]) && (conditi
on),
 []

[292] [293] [294] [295] [296] [297] [298] [299] [300]
Underfull \hbox (badness 10000) in paragraph at lines 2667--2668
\T1/pcr/m/n/8 #define ELPP[]_[][]INTERNAL[]_[][]DEBUGGING[]_[][]WRITE[]_[][]PER
ROR [] $\OML/cmm/m/it/8 <$$<$ \T1/pcr/m/n/8 "[]: " $\OML/cmm/m/it/8 <$$<$
 []

[301] [302] [303] [304] [305]
Overfull \hbox (43.80078pt too wide) in paragraph at lines 3038--3039
\T1/pcr/m/n/8 #define ELPP[]_[][]VARIADIC[]_[][]TEMPLATES[]_[][]SUPPORTED ([] $
\OMS/cmsy/m/n/8 j$$j$ [] $j$$j$ []
 []

[306]
Overfull \hbox (66.64319pt too wide) in paragraph at lines 3068--3069
|   \T1/pcr/m/sl/8 ... \T1/pcr/m/n/8 ) writer(level, []_[][]_[][]FILE[]_[][]_[]
, []_[][]_[][]LINE[]_[][]_[], [], dispatch[]Action).construct([]([]
 []

[307] [308]
Overfull \hbox (24.7562pt too wide) in paragraph at lines 3202--3203
\T1/pcr/m/n/8 #define INITIALIZE[]_[][]EASYLOGGINGPP [](new []([](new
 []

[309] [310]
Overfull \hbox (32.48407pt too wide) in paragraph at lines 3326--3327
|   \T1/pcr/m/sl/8 Output[]Stream[]Instance \T1/pcr/m/n/8 ) []& operator$\OML/c
mm/m/it/8 <$$<$\T1/pcr/m/n/8 ([]&
 []

[311] [312] [313]
Underfull \hbox (badness 10000) detected at line 3538
[][][]
 []

[314]
Underfull \hbox (badness 10000) detected at line 3573
[][][]
 []

[315]) (./easylogging_09_09_8h_source.tex [316] [317] [318] [319] [320]
[321] [322] [323] [324] [325] [326] [327] [328] [329] [330] [331] [332]
[333] [334] [335] [336] [337] [338] [339] [340] [341] [342] [343] [344]
[345] [346] [347] [348] [349] [350] [351] [352] [353] [354] [355] [356]
[357] [358] [359] [360] [361] [362] [363] [364]) (./README_8md.tex)
(./main_8cpp.tex
Underfull \hbox (badness 10000) in paragraph at lines 3--5

 []

) (./main_8cpp_source.tex [365]) [366] (./refman.ind
LaTeX Font Info:    Font shape `T1/phv/m/n' will be
(Font)              scaled to size 22.39185pt on input line 1.
 [367



] [368] [369] [370]
[371] [372]
Underfull \hbox (badness 10000) in paragraph at lines 707--708
[]| \T1/phv/m/n/10 ELPP_INTERNAL_DEBUGGING_OUT_ERROR,
 []


Underfull \hbox (badness 10000) in paragraph at lines 747--748
[]| \T1/phv/m/n/10 ELPP_VARIADIC_TEMPLATES_SUPPORTED,
 []


Underfull \hbox (badness 10000) in paragraph at lines 806--808
[]| \T1/phv/m/n/10 Dis-ablePer-for-mance-Track-ingCheck-point-Com-par-i-
 []

[373] [374] [375] [376]
Underfull \hbox (badness 945) in paragraph at lines 1216--1218
[]\T1/phv/m/n/10 el::base::utils::AbstractRegistry$\OML/cmm/m/it/10 <$ \T1/phv/
m/n/10 T_Ptr, Con-tainer $\OML/cmm/m/it/10 >$\T1/phv/m/n/10 ,
 []

[377] [378] [379] [380] [381] [382] [383] [384] [385] [386] [387] [388]
[389] [390] [391

]) (./refman.aux)
Package rerunfilecheck Info: File `refman.out' has not changed.
(rerunfilecheck)             Checksum: 1744E5D14786FCA94CE2707F9F116253;263326.

 ) 
Here is how much of TeX's memory you used:
 31246 strings out of 476025
 751003 string characters out of 5796497
 1940388 words of memory out of 5000000
 40955 multiletter control sequences out of 15000+600000
 577750 words of font info for 129 fonts, out of 8000000 for 9000
 1141 hyphenation exceptions out of 8191
 101i,16n,117p,5389b,1301s stack positions out of 10000i,1000n,20000p,200000b,200000s
</usr/share/texmf-dist/fonts/type1/public/amsfonts/cm/cmmi10.pfb></usr/share/
texmf-dist/fonts/type1/public/amsfonts/cm/cmmi12.pfb></usr/share/texmf-dist/fon
ts/type1/public/amsfonts/cm/cmmi7.pfb></usr/share/texmf-dist/fonts/type1/public
/amsfonts/cm/cmmi8.pfb></usr/share/texmf-dist/fonts/type1/public/amsfonts/cm/cm
mi9.pfb></usr/share/texmf-dist/fonts/type1/public/amsfonts/cm/cmsy10.pfb></usr/
share/texmf-dist/fonts/type1/public/amsfonts/cm/cmsy7.pfb></usr/share/texmf-dis
t/fonts/type1/public/amsfonts/cm/cmsy8.pfb></usr/share/texmf-dist/fonts/type1/p
ublic/amsfonts/cm/cmsy9.pfb></usr/share/texmf-dist/fonts/type1/urw/courier/ucrb
8a.pfb></usr/share/texmf-dist/fonts/type1/urw/courier/ucrr8a.pfb></usr/share/te
xmf-dist/fonts/type1/urw/courier/ucrro8a.pfb></usr/share/texmf-dist/fonts/type1
/urw/helvetic/uhvb8a.pfb></usr/share/texmf-dist/fonts/type1/urw/helvetic/uhvb8a
c.pfb></usr/share/texmf-dist/fonts/type1/urw/helvetic/uhvr8a.pfb></usr/share/te
xmf-dist/fonts/type1/urw/helvetic/uhvro8a.pfb>
Output written on refman.pdf (423 pages, 1941569 bytes).
PDF statistics:
 35446 PDF objects out of 38293 (max. 8388607)
 34537 compressed objects within 346 object streams
 10236 named destinations out of 10688 (max. 500000)
 10084 words of extra memory for PDF output out of 12000 (max. 10000000)

