2024-02-28 08:09:34,724984 Easylogging initialized!
2024-02-28 08:09:34,725007 No arguments provided, exiting!
2024-02-28 08:09:38,637913 Easylogging initialized!
2024-02-28 08:09:38,637954 Parsing options...
2024-02-28 08:09:38,637983 Unknown option given
2024-02-28 08:09:38,637997 Parsing options done
2024-02-28 08:09:38,638004 Parsing other arguments...
2024-02-28 08:09:38,638011 Filename set to: test
2024-02-28 08:09:38,638019 Filename received: test
2024-02-28 08:09:38,638033 Further processing...
2024-02-28 08:09:38,638045 Application exiting!
2024-02-28 08:09:42,905979 Easylogging initialized!
2024-02-28 08:09:42,906021 Parsing options...
2024-02-28 08:09:42,906036 Help option given
2024-02-28 08:09:42,906044 Parsing options done
2024-02-28 08:09:42,906049 Parsing other arguments...
2024-02-28 08:09:42,906055 Filename set to: test
2024-02-28 08:09:42,906062 Filename received: test
2024-02-28 08:09:42,906070 Further processing...
2024-02-28 08:09:42,906077 Application exiting!
