2024-02-28 08:34:08,508667 Easylogging initialized!
2024-02-28 08:34:08,508713 Parsing options...
2024-02-28 08:34:08,508733 Help option given
2024-02-28 08:34:08,508747 Parsing options done
2024-02-28 08:34:08,508756 Parsing other arguments...
2024-02-28 08:34:08,508763 Filename set to: test
2024-02-28 08:34:08,508772 Filename received: test
2024-02-28 08:34:08,508786 Further processing...
2024-02-28 08:34:08,508798 Application exiting!
2024-02-28 08:34:39,450307 Easylogging initialized!
2024-02-28 08:34:39,450354 Parsing options...
2024-02-28 08:34:39,450373 Help option given
2024-02-28 08:34:39,450386 Parsing options done
2024-02-28 08:34:39,450395 Parsing other arguments...
2024-02-28 08:34:39,450403 Filename set to: test
2024-02-28 08:34:39,450412 Filename received: test
2024-02-28 08:34:39,450426 Further processing...
2024-02-28 08:34:39,450438 Application exiting!
2024-02-28 08:34:46,889416 Easylogging initialized!
2024-02-28 08:34:46,889452 Parsing options...
2024-02-28 08:34:46,889472 Help option given
2024-02-28 08:34:46,889485 Parsing options done
2024-02-28 08:34:46,889493 Parsing other arguments...
2024-02-28 08:34:46,889500 Filename set to: test
2024-02-28 08:34:46,889509 Filename received: test
2024-02-28 08:34:46,889521 Further processing...
2024-02-28 08:34:46,889531 Application exiting!
