2024-02-28 22:08:05,410820 Easylogging initialized!
2024-02-28 22:08:05,410829 Parsing options...
2024-02-28 22:08:05,410837 Parsing options done
2024-02-28 22:08:05,410840 Parsing other arguments...
2024-02-28 22:08:05,410843 Filename set to: samples/MinGW.json
2024-02-28 22:08:05,410846 Filename received: samples/MinGW.json
2024-02-28 22:08:05,410855 Further processing...
2024-02-28 22:08:05,411252 Application exiting!
2024-02-28 22:08:17,546615 Easylogging initialized!
2024-02-28 22:08:17,546624 Parsing options...
2024-02-28 22:08:17,546631 Parsing options done
2024-02-28 22:08:17,546634 Parsing other arguments...
2024-02-28 22:08:17,546637 Filename set to: samples/MinGW.json
2024-02-28 22:08:17,546641 Filename received: samples/MinGW.json
2024-02-28 22:08:17,546650 Further processing...
2024-02-28 22:08:17,547081 Application exiting!
2024-02-28 22:08:21,210072 Easylogging initialized!
2024-02-28 22:08:21,210081 Parsing options...
2024-02-28 22:08:21,210089 Parsing options done
2024-02-28 22:08:21,210092 Parsing other arguments...
2024-02-28 22:08:21,210095 Filename set to: samples/MinGW.json
2024-02-28 22:08:21,210098 Filename received: samples/MinGW.json
2024-02-28 22:08:21,210105 Further processing...
2024-02-28 22:08:21,210619 Application exiting!
