2024-02-28 11:06:16,167209 Easylogging initialized!
2024-02-28 11:06:16,167243 Parsing options...
2024-02-28 11:06:16,167269 Parsing options done
2024-02-28 11:06:16,167282 Parsing other arguments...
2024-02-28 11:06:16,167295 Filename set to: samples/MinGW.json
2024-02-28 11:06:16,167310 Filename received: samples/MinGW.json
2024-02-28 11:06:16,167336 Further processing...
2024-02-28 11:06:16,168364 Application exiting!
2024-02-28 11:06:24,274935 Easylogging initialized!
2024-02-28 11:06:24,274962 Parsing options...
2024-02-28 11:06:24,274984 Parsing options done
2024-02-28 11:06:24,274995 Parsing other arguments...
2024-02-28 11:06:24,275005 Filename set to: samples/MinGW.json
2024-02-28 11:06:24,275018 Filename received: samples/MinGW.json
2024-02-28 11:06:24,275041 Further processing...
2024-02-28 11:06:24,275859 Application exiting!
2024-02-28 11:06:55,862009 Easylogging initialized!
2024-02-28 11:06:55,862038 Parsing options...
2024-02-28 11:06:55,862059 Parsing options done
2024-02-28 11:06:55,862069 Parsing other arguments...
2024-02-28 11:06:55,862079 Filename set to: samples/MinGW.json
2024-02-28 11:06:55,862092 Filename received: samples/MinGW.json
2024-02-28 11:06:55,862114 Further processing...
2024-02-28 11:06:55,862941 Application exiting!
