2024-02-28 10:33:01,949500 Easylogging initialized!
2024-02-28 10:33:01,949556 Parsing options...
2024-02-28 10:33:01,949590 Parsing options done
2024-02-28 10:33:01,949606 Parsing other arguments...
2024-02-28 10:33:01,949621 Filename set to: samples/MinGW.json
2024-02-28 10:33:01,949638 Filename received: samples/MinGW.json
2024-02-28 10:33:01,949666 Further processing...
2024-02-28 10:33:01,950247 Application exiting!
2024-02-28 10:33:17,983060 Easylogging initialized!
2024-02-28 10:33:17,983096 Parsing options...
2024-02-28 10:33:17,983119 Parsing options done
2024-02-28 10:33:17,983131 Parsing other arguments...
2024-02-28 10:33:17,983142 Filename set to: samples/MinGW.json
2024-02-28 10:33:17,983155 Filename received: samples/MinGW.json
2024-02-28 10:33:17,983173 Further processing...
2024-02-28 10:33:17,983602 Application exiting!
2024-02-28 10:33:56,168824 Easylogging initialized!
2024-02-28 10:33:56,168877 Parsing options...
2024-02-28 10:33:56,168920 Parsing options done
2024-02-28 10:33:56,168942 Parsing other arguments...
2024-02-28 10:33:56,168963 Filename set to: samples/MinGW.json
2024-02-28 10:33:56,168988 Filename received: samples/MinGW.json
2024-02-28 10:33:56,169122 Further processing...
2024-02-28 10:33:56,170001 Application exiting!
